{
  "uid" : "10f691dfe2f719dc",
  "name" : "Demographics: Search does not find existing patients if any of their details are wrong [dob - day-Bill-Garton-3/6/1946-DN18 5DW-Male]",
  "fullName" : "/app/features/find_a_patient.feature:Demographics: Search does not find existing patients if any of their details are wrong",
  "historyId" : "bf2fd6a9cb1ab8df956b368ad7dfa8d8",
  "time" : {
    "start" : 1730189080309,
    "stop" : 1730189365673,
    "duration" : 285364
  },
  "status" : "failed",
  "statusMessage" : "AssertionError: assert False == True\n +  where False = check_patient_not_found_message_exists(True)",
  "statusTrace" : "fixturefunc = <function step_assert_no_results_found_for_patient_message at 0x7fc12e08ae80>\nrequest = <FixtureRequest for <Function test_demographics_search_does_not_find_existing_patients_if_any_of_their_details_are_wrong[dob - day-Bill-Garton-3/6/1946-DN18 5DW-Male]>>\nkwargs = {}\n\n    def call_fixture_func(\n        fixturefunc: _FixtureFunc[FixtureValue], request: FixtureRequest, kwargs\n    ) -> FixtureValue:\n        if is_generator(fixturefunc):\n            fixturefunc = cast(\n                Callable[..., Generator[FixtureValue, None, None]], fixturefunc\n            )\n            generator = fixturefunc(**kwargs)\n            try:\n                fixture_result = next(generator)\n            except StopIteration:\n                raise ValueError(f\"{request.fixturename} did not yield a value\") from None\n            finalizer = functools.partial(_teardown_yield_fixture, fixturefunc, generator)\n            request.addfinalizer(finalizer)\n        else:\n            fixturefunc = cast(Callable[..., FixtureValue], fixturefunc)\n>           fixture_result = fixturefunc(**kwargs)\n\n.tox/py311/lib/python3.11/site-packages/_pytest/fixtures.py:898: \n_ _ _ _ _ _ _ _ _ _ _ _ _ _ _ _ _ _ _ _ _ _ _ _ _ _ _ _ _ _ _ _ _ _ _ _ _ _ _ _ \n\n    @then(\"I can see a message that no results are found for the patient\")\n    def step_assert_no_results_found_for_patient_message():\n        attach_screenshot(\"no_results_found_should_be_visible\")\n>       assert check_patient_not_found_message_exists(True) == True\nE       assert False == True\nE        +  where False = check_patient_not_found_message_exists(True)\n\ntests/test_find_a_patient_steps.py:211: AssertionError",
  "flaky" : false,
  "newFailed" : false,
  "newBroken" : false,
  "newPassed" : false,
  "retriesCount" : 0,
  "retriesStatusChange" : false,
  "beforeStages" : [ ],
  "testStage" : {
    "status" : "failed",
    "statusMessage" : "AssertionError: assert False == True\n +  where False = check_patient_not_found_message_exists(True)",
    "statusTrace" : "fixturefunc = <function step_assert_no_results_found_for_patient_message at 0x7fc12e08ae80>\nrequest = <FixtureRequest for <Function test_demographics_search_does_not_find_existing_patients_if_any_of_their_details_are_wrong[dob - day-Bill-Garton-3/6/1946-DN18 5DW-Male]>>\nkwargs = {}\n\n    def call_fixture_func(\n        fixturefunc: _FixtureFunc[FixtureValue], request: FixtureRequest, kwargs\n    ) -> FixtureValue:\n        if is_generator(fixturefunc):\n            fixturefunc = cast(\n                Callable[..., Generator[FixtureValue, None, None]], fixturefunc\n            )\n            generator = fixturefunc(**kwargs)\n            try:\n                fixture_result = next(generator)\n            except StopIteration:\n                raise ValueError(f\"{request.fixturename} did not yield a value\") from None\n            finalizer = functools.partial(_teardown_yield_fixture, fixturefunc, generator)\n            request.addfinalizer(finalizer)\n        else:\n            fixturefunc = cast(Callable[..., FixtureValue], fixturefunc)\n>           fixture_result = fixturefunc(**kwargs)\n\n.tox/py311/lib/python3.11/site-packages/_pytest/fixtures.py:898: \n_ _ _ _ _ _ _ _ _ _ _ _ _ _ _ _ _ _ _ _ _ _ _ _ _ _ _ _ _ _ _ _ _ _ _ _ _ _ _ _ \n\n    @then(\"I can see a message that no results are found for the patient\")\n    def step_assert_no_results_found_for_patient_message():\n        attach_screenshot(\"no_results_found_should_be_visible\")\n>       assert check_patient_not_found_message_exists(True) == True\nE       assert False == True\nE        +  where False = check_patient_not_found_message_exists(True)\n\ntests/test_find_a_patient_steps.py:211: AssertionError",
    "steps" : [ {
      "name" : "Given I am on the find a patient by demographics page",
      "time" : {
        "start" : 1730189080309,
        "stop" : 1730189192845,
        "duration" : 112536
      },
      "status" : "passed",
      "steps" : [ ],
      "attachments" : [ ],
      "parameters" : [ ],
      "stepsCount" : 0,
      "attachmentsCount" : 0,
      "shouldDisplayMessage" : false,
      "hasContent" : false
    }, {
      "name" : "And I enter the mandatory patient details Bill, Garton, and 3/6/1946",
      "time" : {
        "start" : 1730189192845,
        "stop" : 1730189294431,
        "duration" : 101586
      },
      "status" : "passed",
      "steps" : [ ],
      "attachments" : [ {
        "uid" : "b5ac204463abfab7",
        "name" : "dev_chrome_130.0.6723.69_add_mandatory_patient_information.png",
        "source" : "b5ac204463abfab7.png",
        "type" : "image/png",
        "size" : 4331
      } ],
      "parameters" : [ ],
      "stepsCount" : 0,
      "attachmentsCount" : 1,
      "shouldDisplayMessage" : false,
      "hasContent" : true
    }, {
      "name" : "And I enter the postcode DN18 5DW",
      "time" : {
        "start" : 1730189294432,
        "stop" : 1730189314799,
        "duration" : 20367
      },
      "status" : "passed",
      "steps" : [ ],
      "attachments" : [ {
        "uid" : "c2476817ae26b85e",
        "name" : "dev_chrome_130.0.6723.69_enter_invalid_postcode.png",
        "source" : "c2476817ae26b85e.png",
        "type" : "image/png",
        "size" : 4331
      } ],
      "parameters" : [ ],
      "stepsCount" : 0,
      "attachmentsCount" : 1,
      "shouldDisplayMessage" : false,
      "hasContent" : true
    }, {
      "name" : "And I select the gender Male",
      "time" : {
        "start" : 1730189314800,
        "stop" : 1730189335164,
        "duration" : 20364
      },
      "status" : "passed",
      "steps" : [ ],
      "attachments" : [ {
        "uid" : "4bb1d173f50a22a9",
        "name" : "dev_chrome_130.0.6723.69_select_gender.png",
        "source" : "4bb1d173f50a22a9.png",
        "type" : "image/png",
        "size" : 4331
      } ],
      "parameters" : [ ],
      "stepsCount" : 0,
      "attachmentsCount" : 1,
      "shouldDisplayMessage" : false,
      "hasContent" : true
    }, {
      "name" : "When I click the search button",
      "time" : {
        "start" : 1730189335164,
        "stop" : 1730189355478,
        "duration" : 20314
      },
      "status" : "passed",
      "steps" : [ ],
      "attachments" : [ ],
      "parameters" : [ ],
      "stepsCount" : 0,
      "attachmentsCount" : 0,
      "shouldDisplayMessage" : false,
      "hasContent" : false
    }, {
      "name" : "Then I can see a message that no results are found for the patient",
      "time" : {
        "start" : 1730189355479,
        "stop" : 1730189365673,
        "duration" : 10194
      },
      "status" : "failed",
      "statusMessage" : "assert False == True\n +  where False = check_patient_not_found_message_exists(True)",
      "statusTrace" : "AssertionError: assert False == True\n +  where False = check_patient_not_found_message_exists(True)\n",
      "steps" : [ ],
      "attachments" : [ {
        "uid" : "940e33e60aa8d27f",
        "name" : "dev_chrome_130.0.6723.69_no_results_found_should_be_visible.png",
        "source" : "940e33e60aa8d27f.png",
        "type" : "image/png",
        "size" : 4331
      } ],
      "parameters" : [ ],
      "stepsCount" : 0,
      "attachmentsCount" : 1,
      "shouldDisplayMessage" : true,
      "hasContent" : true
    } ],
    "attachments" : [ {
      "uid" : "39f041159ff6b37",
      "name" : "log",
      "source" : "39f041159ff6b37.txt",
      "type" : "text/plain",
      "size" : 3244
    } ],
    "parameters" : [ ],
    "stepsCount" : 6,
    "attachmentsCount" : 5,
    "shouldDisplayMessage" : true,
    "hasContent" : true
  },
  "afterStages" : [ ],
  "labels" : [ {
    "name" : "host",
    "value" : "7c0be77e3f3d"
  }, {
    "name" : "thread",
    "value" : "1096-MainThread"
  }, {
    "name" : "framework",
    "value" : "pytest-bdd"
  }, {
    "name" : "language",
    "value" : "cpython3"
  }, {
    "name" : "feature",
    "value" : "Find a patient"
  }, {
    "name" : "resultFormat",
    "value" : "allure2"
  } ],
  "parameters" : [ {
    "name" : "dob",
    "value" : "3/6/1946"
  }, {
    "name" : "firstName",
    "value" : "Bill"
  }, {
    "name" : "gender",
    "value" : "Male"
  }, {
    "name" : "lastName",
    "value" : "Garton"
  }, {
    "name" : "postcode",
    "value" : "DN18 5DW"
  }, {
    "name" : "scenario",
    "value" : "dob - day"
  } ],
  "links" : [ ],
  "hidden" : false,
  "retry" : false,
  "extra" : {
    "severity" : "normal",
    "retries" : [ ],
    "categories" : [ {
      "name" : "Product defects",
      "matchedStatuses" : [ ],
      "flaky" : false
    } ],
    "tags" : [ ]
  },
  "source" : "10f691dfe2f719dc.json",
  "parameterValues" : [ "3/6/1946", "Bill", "Male", "Garton", "DN18 5DW", "dob - day" ]
}