{
  "uid" : "2882cc2538eb25cb",
  "name" : "Sign in should fail based on credentials provided [long_email_address@nhs.net-password-fail]",
  "fullName" : "features/login.feature:Sign in should fail based on credentials provided",
  "historyId" : "68040a02b1a5a5e06a52aaeb8659d0c2",
  "time" : {
    "start" : 1730277960683,
    "stop" : 1730278083120,
    "duration" : 122437
  },
  "status" : "failed",
  "statusMessage" : "AssertionError: assert False\n +  where False = check_unable_to_sign_in_error_exists()",
  "statusTrace" : "fixturefunc = <function verify_signin_status at 0x7fd07d9e6a20>\nrequest = <FixtureRequest for <Function test_sign_in_should_fail_based_on_credentials_provided[long_email_address@nhs.net-password-fail]>>\nkwargs = {'shared_data': {'emailAddress': 'mg10a917i1wczuj70rkl0olm9ax5wnf53k3ff42siw4lr8y8oe1ku9fwwceuclqqxnhs.net', 'password': 'password'}, 'status': 'fail'}\n\n    def call_fixture_func(\n        fixturefunc: _FixtureFunc[FixtureValue], request: FixtureRequest, kwargs\n    ) -> FixtureValue:\n        if is_generator(fixturefunc):\n            fixturefunc = cast(\n                Callable[..., Generator[FixtureValue, None, None]], fixturefunc\n            )\n            generator = fixturefunc(**kwargs)\n            try:\n                fixture_result = next(generator)\n            except StopIteration:\n                raise ValueError(f\"{request.fixturename} did not yield a value\") from None\n            finalizer = functools.partial(_teardown_yield_fixture, fixturefunc, generator)\n            request.addfinalizer(finalizer)\n        else:\n            fixturefunc = cast(Callable[..., FixtureValue], fixturefunc)\n>           fixture_result = fixturefunc(**kwargs)\n\n.tox/py311/lib/python3.11/site-packages/_pytest/fixtures.py:898: \n_ _ _ _ _ _ _ _ _ _ _ _ _ _ _ _ _ _ _ _ _ _ _ _ _ _ _ _ _ _ _ _ _ _ _ _ _ _ _ _ \n\nstatus = 'fail'\nshared_data = {'emailAddress': 'mg10a917i1wczuj70rkl0olm9ax5wnf53k3ff42siw4lr8y8oe1ku9fwwceuclqqxnhs.net', 'password': 'password'}\n\n    @then(parse(\"sign in should {status}\"))\n    @then(\"sign in should <status>\")\n    def verify_signin_status(status, shared_data):\n        attach_screenshot(\"sign_in_should_\" + status)\n        data = shared_data\n        if status.lower() == \"fail\":\n            if data['password'] == \"None\" and \"valid\" not in data[\"emailAddress\"].lower():\n                assert check_password_error_alert_exists()\n                assert get_password_missing_error_text() == \"This field cannot be left blank\"\n            elif data['emailAddress'] == \"None\" and \"valid\" not in data[\"emailAddress\"].lower():\n                click_nhs_signin_button()\n                assert check_emailAddress_error_alert_exists()\n                assert check_found_some_errors_alert_exists()\n                assert get_emailAddress_missing_error_text() == \"This field cannot be left blank\"\n            elif \"long_email_address\" in data['emailAddress']:\n                assert check_emailAddress_error_alert_exists()\n                assert get_emailAddress_missing_error_text() == \"This field cannot be left blank\"\n            elif \"valid\" in data['emailAddress'] and status.lower()==\"pass\":\n                assert check_logout_button_exists()\n                click_logout_button()\n            else:\n>               assert check_unable_to_sign_in_error_exists()\nE               assert False\nE                +  where False = check_unable_to_sign_in_error_exists()\n\ntests/test_login_steps.py:111: AssertionError",
  "flaky" : false,
  "newFailed" : false,
  "newBroken" : false,
  "newPassed" : false,
  "retriesCount" : 0,
  "retriesStatusChange" : false,
  "beforeStages" : [ ],
  "testStage" : {
    "status" : "failed",
    "statusMessage" : "AssertionError: assert False\n +  where False = check_unable_to_sign_in_error_exists()",
    "statusTrace" : "fixturefunc = <function verify_signin_status at 0x7fd07d9e6a20>\nrequest = <FixtureRequest for <Function test_sign_in_should_fail_based_on_credentials_provided[long_email_address@nhs.net-password-fail]>>\nkwargs = {'shared_data': {'emailAddress': 'mg10a917i1wczuj70rkl0olm9ax5wnf53k3ff42siw4lr8y8oe1ku9fwwceuclqqxnhs.net', 'password': 'password'}, 'status': 'fail'}\n\n    def call_fixture_func(\n        fixturefunc: _FixtureFunc[FixtureValue], request: FixtureRequest, kwargs\n    ) -> FixtureValue:\n        if is_generator(fixturefunc):\n            fixturefunc = cast(\n                Callable[..., Generator[FixtureValue, None, None]], fixturefunc\n            )\n            generator = fixturefunc(**kwargs)\n            try:\n                fixture_result = next(generator)\n            except StopIteration:\n                raise ValueError(f\"{request.fixturename} did not yield a value\") from None\n            finalizer = functools.partial(_teardown_yield_fixture, fixturefunc, generator)\n            request.addfinalizer(finalizer)\n        else:\n            fixturefunc = cast(Callable[..., FixtureValue], fixturefunc)\n>           fixture_result = fixturefunc(**kwargs)\n\n.tox/py311/lib/python3.11/site-packages/_pytest/fixtures.py:898: \n_ _ _ _ _ _ _ _ _ _ _ _ _ _ _ _ _ _ _ _ _ _ _ _ _ _ _ _ _ _ _ _ _ _ _ _ _ _ _ _ \n\nstatus = 'fail'\nshared_data = {'emailAddress': 'mg10a917i1wczuj70rkl0olm9ax5wnf53k3ff42siw4lr8y8oe1ku9fwwceuclqqxnhs.net', 'password': 'password'}\n\n    @then(parse(\"sign in should {status}\"))\n    @then(\"sign in should <status>\")\n    def verify_signin_status(status, shared_data):\n        attach_screenshot(\"sign_in_should_\" + status)\n        data = shared_data\n        if status.lower() == \"fail\":\n            if data['password'] == \"None\" and \"valid\" not in data[\"emailAddress\"].lower():\n                assert check_password_error_alert_exists()\n                assert get_password_missing_error_text() == \"This field cannot be left blank\"\n            elif data['emailAddress'] == \"None\" and \"valid\" not in data[\"emailAddress\"].lower():\n                click_nhs_signin_button()\n                assert check_emailAddress_error_alert_exists()\n                assert check_found_some_errors_alert_exists()\n                assert get_emailAddress_missing_error_text() == \"This field cannot be left blank\"\n            elif \"long_email_address\" in data['emailAddress']:\n                assert check_emailAddress_error_alert_exists()\n                assert get_emailAddress_missing_error_text() == \"This field cannot be left blank\"\n            elif \"valid\" in data['emailAddress'] and status.lower()==\"pass\":\n                assert check_logout_button_exists()\n                click_logout_button()\n            else:\n>               assert check_unable_to_sign_in_error_exists()\nE               assert False\nE                +  where False = check_unable_to_sign_in_error_exists()\n\ntests/test_login_steps.py:111: AssertionError",
    "steps" : [ {
      "name" : "Given I access the ravs web app",
      "time" : {
        "start" : 1730277960684,
        "stop" : 1730277971293,
        "duration" : 10609
      },
      "status" : "passed",
      "steps" : [ ],
      "attachments" : [ ],
      "parameters" : [ ],
      "stepsCount" : 0,
      "attachmentsCount" : 0,
      "shouldDisplayMessage" : false,
      "hasContent" : false
    }, {
      "name" : "When I click on the log in button",
      "time" : {
        "start" : 1730277971293,
        "stop" : 1730277991619,
        "duration" : 20326
      },
      "status" : "passed",
      "steps" : [ ],
      "attachments" : [ ],
      "parameters" : [ ],
      "stepsCount" : 0,
      "attachmentsCount" : 0,
      "shouldDisplayMessage" : false,
      "hasContent" : false
    }, {
      "name" : "And I provide the long_email_address@nhs.net and password",
      "time" : {
        "start" : 1730277991620,
        "stop" : 1730278032266,
        "duration" : 40646
      },
      "status" : "passed",
      "steps" : [ ],
      "attachments" : [ ],
      "parameters" : [ ],
      "stepsCount" : 0,
      "attachmentsCount" : 0,
      "shouldDisplayMessage" : false,
      "hasContent" : false
    }, {
      "name" : "And the NHS sign in button is clicked",
      "time" : {
        "start" : 1730278032266,
        "stop" : 1730278083049,
        "duration" : 50783
      },
      "status" : "passed",
      "steps" : [ ],
      "attachments" : [ ],
      "parameters" : [ ],
      "stepsCount" : 0,
      "attachmentsCount" : 0,
      "shouldDisplayMessage" : false,
      "hasContent" : false
    }, {
      "name" : "Then sign in should fail",
      "time" : {
        "start" : 1730278083049,
        "stop" : 1730278083120,
        "duration" : 71
      },
      "status" : "failed",
      "statusMessage" : "assert False\n +  where False = check_unable_to_sign_in_error_exists()",
      "statusTrace" : "AssertionError: assert False\n +  where False = check_unable_to_sign_in_error_exists()\n",
      "steps" : [ ],
      "attachments" : [ {
        "uid" : "dba5a934cffe4231",
        "name" : "dev_chrome_130.0.6723.91_sign_in_should_fail.png",
        "source" : "dba5a934cffe4231.png",
        "type" : "image/png",
        "size" : 56101
      } ],
      "parameters" : [ ],
      "stepsCount" : 0,
      "attachmentsCount" : 1,
      "shouldDisplayMessage" : true,
      "hasContent" : true
    } ],
    "attachments" : [ {
      "uid" : "812a64e9355398de",
      "name" : "log",
      "source" : "812a64e9355398de.txt",
      "type" : "text/plain",
      "size" : 1729
    } ],
    "parameters" : [ ],
    "stepsCount" : 5,
    "attachmentsCount" : 2,
    "shouldDisplayMessage" : true,
    "hasContent" : true
  },
  "afterStages" : [ ],
  "labels" : [ {
    "name" : "host",
    "value" : "ffdd1db22aac"
  }, {
    "name" : "thread",
    "value" : "1100-MainThread"
  }, {
    "name" : "framework",
    "value" : "pytest-bdd"
  }, {
    "name" : "language",
    "value" : "cpython3"
  }, {
    "name" : "feature",
    "value" : "Login Feature"
  }, {
    "name" : "resultFormat",
    "value" : "allure2"
  } ],
  "parameters" : [ {
    "name" : "emailAddress",
    "value" : "long_email_address@nhs.net"
  }, {
    "name" : "password",
    "value" : "password"
  }, {
    "name" : "status",
    "value" : "fail"
  } ],
  "links" : [ ],
  "hidden" : false,
  "retry" : false,
  "extra" : {
    "severity" : "normal",
    "retries" : [ ],
    "categories" : [ {
      "name" : "Product defects",
      "matchedStatuses" : [ ],
      "flaky" : false
    } ],
    "tags" : [ ]
  },
  "source" : "2882cc2538eb25cb.json",
  "parameterValues" : [ "long_email_address@nhs.net", "password", "fail" ]
}