{
  "uid" : "4cb434669d76dbd5",
  "name" : "Login button is visible",
  "fullName" : "features/login.feature:Login button is visible",
  "historyId" : "67f72350cbea9a3eebab3adfe5536260",
  "time" : {
    "start" : 1730277486595,
    "stop" : 1730277507457,
    "duration" : 20862
  },
  "status" : "failed",
  "statusMessage" : "AssertionError: Login button is not visible\nassert False",
  "statusTrace" : "fixturefunc = <function then_the_login_button_should_be_visible at 0x7f6a77f59d00>\nrequest = <FixtureRequest for <Function test_login_button_is_visible>>\nkwargs = {}\n\n    def call_fixture_func(\n        fixturefunc: _FixtureFunc[FixtureValue], request: FixtureRequest, kwargs\n    ) -> FixtureValue:\n        if is_generator(fixturefunc):\n            fixturefunc = cast(\n                Callable[..., Generator[FixtureValue, None, None]], fixturefunc\n            )\n            generator = fixturefunc(**kwargs)\n            try:\n                fixture_result = next(generator)\n            except StopIteration:\n                raise ValueError(f\"{request.fixturename} did not yield a value\") from None\n            finalizer = functools.partial(_teardown_yield_fixture, fixturefunc, generator)\n            request.addfinalizer(finalizer)\n        else:\n            fixturefunc = cast(Callable[..., FixtureValue], fixturefunc)\n>           fixture_result = fixturefunc(**kwargs)\n\n.tox/py311/lib/python3.11/site-packages/_pytest/fixtures.py:898: \n_ _ _ _ _ _ _ _ _ _ _ _ _ _ _ _ _ _ _ _ _ _ _ _ _ _ _ _ _ _ _ _ _ _ _ _ _ _ _ _ \n\n    @then(\"the login button should be visible\")\n    def then_the_login_button_should_be_visible():\n        attach_screenshot(\"login_should_be_visible\")\n        if check_login_button_exists():\n            assert True, \"Login button is visible\"\n        else:\n>           assert False, \"Login button is not visible\"\nE           AssertionError: Login button is not visible\nE           assert False\n\ntests/test_login_steps.py:40: AssertionError",
  "flaky" : false,
  "newFailed" : false,
  "newBroken" : false,
  "newPassed" : false,
  "retriesCount" : 0,
  "retriesStatusChange" : false,
  "beforeStages" : [ ],
  "testStage" : {
    "status" : "failed",
    "statusMessage" : "AssertionError: Login button is not visible\nassert False",
    "statusTrace" : "fixturefunc = <function then_the_login_button_should_be_visible at 0x7f6a77f59d00>\nrequest = <FixtureRequest for <Function test_login_button_is_visible>>\nkwargs = {}\n\n    def call_fixture_func(\n        fixturefunc: _FixtureFunc[FixtureValue], request: FixtureRequest, kwargs\n    ) -> FixtureValue:\n        if is_generator(fixturefunc):\n            fixturefunc = cast(\n                Callable[..., Generator[FixtureValue, None, None]], fixturefunc\n            )\n            generator = fixturefunc(**kwargs)\n            try:\n                fixture_result = next(generator)\n            except StopIteration:\n                raise ValueError(f\"{request.fixturename} did not yield a value\") from None\n            finalizer = functools.partial(_teardown_yield_fixture, fixturefunc, generator)\n            request.addfinalizer(finalizer)\n        else:\n            fixturefunc = cast(Callable[..., FixtureValue], fixturefunc)\n>           fixture_result = fixturefunc(**kwargs)\n\n.tox/py311/lib/python3.11/site-packages/_pytest/fixtures.py:898: \n_ _ _ _ _ _ _ _ _ _ _ _ _ _ _ _ _ _ _ _ _ _ _ _ _ _ _ _ _ _ _ _ _ _ _ _ _ _ _ _ \n\n    @then(\"the login button should be visible\")\n    def then_the_login_button_should_be_visible():\n        attach_screenshot(\"login_should_be_visible\")\n        if check_login_button_exists():\n            assert True, \"Login button is visible\"\n        else:\n>           assert False, \"Login button is not visible\"\nE           AssertionError: Login button is not visible\nE           assert False\n\ntests/test_login_steps.py:40: AssertionError",
    "steps" : [ {
      "name" : "Given I access the ravs web app",
      "time" : {
        "start" : 1730277486596,
        "stop" : 1730277497250,
        "duration" : 10654
      },
      "status" : "passed",
      "steps" : [ ],
      "attachments" : [ ],
      "parameters" : [ ],
      "stepsCount" : 0,
      "attachmentsCount" : 0,
      "shouldDisplayMessage" : false,
      "hasContent" : false
    }, {
      "name" : "Then the login button should be visible",
      "time" : {
        "start" : 1730277497250,
        "stop" : 1730277507457,
        "duration" : 10207
      },
      "status" : "failed",
      "statusMessage" : "Login button is not visible\nassert False",
      "statusTrace" : "AssertionError: Login button is not visible\nassert False\n",
      "steps" : [ ],
      "attachments" : [ {
        "uid" : "d231816402f4be5f",
        "name" : "dev_chrome_130.0.6723.91_login_should_be_visible.png",
        "source" : "d231816402f4be5f.png",
        "type" : "image/png",
        "size" : 56101
      } ],
      "parameters" : [ ],
      "stepsCount" : 0,
      "attachmentsCount" : 1,
      "shouldDisplayMessage" : true,
      "hasContent" : true
    } ],
    "attachments" : [ {
      "uid" : "3389183854a96e0e",
      "name" : "log",
      "source" : "3389183854a96e0e.txt",
      "type" : "text/plain",
      "size" : 936
    } ],
    "parameters" : [ ],
    "stepsCount" : 2,
    "attachmentsCount" : 2,
    "shouldDisplayMessage" : true,
    "hasContent" : true
  },
  "afterStages" : [ ],
  "labels" : [ {
    "name" : "host",
    "value" : "ffdd1db22aac"
  }, {
    "name" : "thread",
    "value" : "1097-MainThread"
  }, {
    "name" : "framework",
    "value" : "pytest-bdd"
  }, {
    "name" : "language",
    "value" : "cpython3"
  }, {
    "name" : "feature",
    "value" : "Login Feature"
  }, {
    "name" : "resultFormat",
    "value" : "allure2"
  } ],
  "parameters" : [ ],
  "links" : [ ],
  "hidden" : false,
  "retry" : false,
  "extra" : {
    "severity" : "normal",
    "retries" : [ ],
    "categories" : [ {
      "name" : "Product defects",
      "matchedStatuses" : [ ],
      "flaky" : false
    } ],
    "tags" : [ ]
  },
  "source" : "4cb434669d76dbd5.json",
  "parameterValues" : [ ]
}