{
  "uid" : "58d6040f8aa1e9c9",
  "name" : "Add vaccines page should launch [ALBERT HOUSE-Vaccination Centre]",
  "fullName" : "/app/features/add_vaccines.feature:Add vaccines page should launch",
  "historyId" : "0c512ad6e08b1650e2dd2d0c1455eb32",
  "time" : {
    "start" : 1726040163325,
    "stop" : 1726040284284,
    "duration" : 120959
  },
  "status" : "failed",
  "statusMessage" : "AssertionError: assert False == True\n +  where False = check_add_vaccine_button_exists()",
  "statusTrace" : "fixturefunc = <function the_add_vaccines_page_should_launch at 0x7f342477c2c0>\nrequest = <FixtureRequest for <Function test_add_vaccines_page_should_launch[ALBERT HOUSE-Vaccination Centre]>>\nkwargs = {}\n\n    def call_fixture_func(\n        fixturefunc: _FixtureFunc[FixtureValue], request: FixtureRequest, kwargs\n    ) -> FixtureValue:\n        if is_generator(fixturefunc):\n            fixturefunc = cast(\n                Callable[..., Generator[FixtureValue, None, None]], fixturefunc\n            )\n            generator = fixturefunc(**kwargs)\n            try:\n                fixture_result = next(generator)\n            except StopIteration:\n                raise ValueError(f\"{request.fixturename} did not yield a value\") from None\n            finalizer = functools.partial(_teardown_yield_fixture, fixturefunc, generator)\n            request.addfinalizer(finalizer)\n        else:\n            fixturefunc = cast(Callable[..., FixtureValue], fixturefunc)\n>           fixture_result = fixturefunc(**kwargs)\n\n.tox/py311/lib/python3.11/site-packages/_pytest/fixtures.py:898: \n_ _ _ _ _ _ _ _ _ _ _ _ _ _ _ _ _ _ _ _ _ _ _ _ _ _ _ _ _ _ _ _ _ _ _ _ _ _ _ _ \n\n    @then('the add vaccines page should be launched')\n    def the_add_vaccines_page_should_launch():\n        attach_screenshot(\"add_vaccines_page_should_launch\")\n>       assert check_add_vaccine_button_exists() == True\nE       assert False == True\nE        +  where False = check_add_vaccine_button_exists()\n\ntests/test_add_vaccine_steps.py:53: AssertionError",
  "flaky" : false,
  "newFailed" : false,
  "newBroken" : false,
  "newPassed" : false,
  "retriesCount" : 0,
  "retriesStatusChange" : false,
  "beforeStages" : [ ],
  "testStage" : {
    "status" : "failed",
    "statusMessage" : "AssertionError: assert False == True\n +  where False = check_add_vaccine_button_exists()",
    "statusTrace" : "fixturefunc = <function the_add_vaccines_page_should_launch at 0x7f342477c2c0>\nrequest = <FixtureRequest for <Function test_add_vaccines_page_should_launch[ALBERT HOUSE-Vaccination Centre]>>\nkwargs = {}\n\n    def call_fixture_func(\n        fixturefunc: _FixtureFunc[FixtureValue], request: FixtureRequest, kwargs\n    ) -> FixtureValue:\n        if is_generator(fixturefunc):\n            fixturefunc = cast(\n                Callable[..., Generator[FixtureValue, None, None]], fixturefunc\n            )\n            generator = fixturefunc(**kwargs)\n            try:\n                fixture_result = next(generator)\n            except StopIteration:\n                raise ValueError(f\"{request.fixturename} did not yield a value\") from None\n            finalizer = functools.partial(_teardown_yield_fixture, fixturefunc, generator)\n            request.addfinalizer(finalizer)\n        else:\n            fixturefunc = cast(Callable[..., FixtureValue], fixturefunc)\n>           fixture_result = fixturefunc(**kwargs)\n\n.tox/py311/lib/python3.11/site-packages/_pytest/fixtures.py:898: \n_ _ _ _ _ _ _ _ _ _ _ _ _ _ _ _ _ _ _ _ _ _ _ _ _ _ _ _ _ _ _ _ _ _ _ _ _ _ _ _ \n\n    @then('the add vaccines page should be launched')\n    def the_add_vaccines_page_should_launch():\n        attach_screenshot(\"add_vaccines_page_should_launch\")\n>       assert check_add_vaccine_button_exists() == True\nE       assert False == True\nE        +  where False = check_add_vaccine_button_exists()\n\ntests/test_add_vaccine_steps.py:53: AssertionError",
    "steps" : [ {
      "name" : "Given I am logged into the RAVS app",
      "time" : {
        "start" : 1726040163325,
        "stop" : 1726040163325,
        "duration" : 0
      },
      "status" : "passed",
      "steps" : [ ],
      "attachments" : [ ],
      "parameters" : [ ],
      "stepsCount" : 0,
      "attachmentsCount" : 0,
      "shouldDisplayMessage" : false,
      "hasContent" : false
    }, {
      "name" : "When I am on the vaccine settings page",
      "time" : {
        "start" : 1726040163326,
        "stop" : 1726040223871,
        "duration" : 60545
      },
      "status" : "passed",
      "steps" : [ ],
      "attachments" : [ ],
      "parameters" : [ ],
      "stepsCount" : 0,
      "attachmentsCount" : 0,
      "shouldDisplayMessage" : false,
      "hasContent" : false
    }, {
      "name" : "And I click add vaccines button",
      "time" : {
        "start" : 1726040223871,
        "stop" : 1726040254153,
        "duration" : 30282
      },
      "status" : "passed",
      "steps" : [ ],
      "attachments" : [ ],
      "parameters" : [ ],
      "stepsCount" : 0,
      "attachmentsCount" : 0,
      "shouldDisplayMessage" : false,
      "hasContent" : false
    }, {
      "name" : "Then the add vaccines page should be launched",
      "time" : {
        "start" : 1726040254153,
        "stop" : 1726040284284,
        "duration" : 30131
      },
      "status" : "failed",
      "statusMessage" : "assert False == True\n +  where False = check_add_vaccine_button_exists()",
      "statusTrace" : "AssertionError: assert False == True\n +  where False = check_add_vaccine_button_exists()\n",
      "steps" : [ ],
      "attachments" : [ {
        "uid" : "409ba49ae53a4b29",
        "name" : "dev_chrome_128.0.6613.137_add_vaccines_page_should_launch.png",
        "source" : "409ba49ae53a4b29.png",
        "type" : "image/png",
        "size" : 59238
      } ],
      "parameters" : [ ],
      "stepsCount" : 0,
      "attachmentsCount" : 1,
      "shouldDisplayMessage" : true,
      "hasContent" : true
    } ],
    "attachments" : [ ],
    "parameters" : [ ],
    "stepsCount" : 4,
    "attachmentsCount" : 1,
    "shouldDisplayMessage" : true,
    "hasContent" : true
  },
  "afterStages" : [ ],
  "labels" : [ {
    "name" : "host",
    "value" : "6e3f92954d5f"
  }, {
    "name" : "thread",
    "value" : "1046-MainThread"
  }, {
    "name" : "framework",
    "value" : "pytest-bdd"
  }, {
    "name" : "language",
    "value" : "cpython3"
  }, {
    "name" : "feature",
    "value" : "Add vaccine to site"
  }, {
    "name" : "resultFormat",
    "value" : "allure2"
  } ],
  "parameters" : [ {
    "name" : "care_model",
    "value" : "Vaccination Centre"
  }, {
    "name" : "site",
    "value" : "ALBERT HOUSE"
  } ],
  "links" : [ ],
  "hidden" : false,
  "retry" : false,
  "extra" : {
    "severity" : "normal",
    "retries" : [ ],
    "categories" : [ {
      "name" : "Product defects",
      "matchedStatuses" : [ ],
      "flaky" : false
    } ],
    "tags" : [ ]
  },
  "source" : "58d6040f8aa1e9c9.json",
  "parameterValues" : [ "Vaccination Centre", "ALBERT HOUSE" ]
}