{
  "uid" : "742664d2a138ae4f",
  "name" : "Demographics: Search does not find existing patients if any of their details are wrong [dob - month-Bill-Garton-23/12/1946-DN18 5DW-Male]",
  "fullName" : "/app/features/find_a_patient.feature:Demographics: Search does not find existing patients if any of their details are wrong",
  "historyId" : "ff9ea5cebff9956ef552f742691503f4",
  "time" : {
    "start" : 1728459562408,
    "stop" : 1728459643200,
    "duration" : 80792
  },
  "status" : "failed",
  "statusMessage" : "AssertionError: assert False == True\n +  where False = check_patient_not_found_message_exists(True)",
  "statusTrace" : "fixturefunc = <function step_assert_no_results_found_for_patient_message at 0x7f95abfeda80>\nrequest = <FixtureRequest for <Function test_demographics_search_does_not_find_existing_patients_if_any_of_their_details_are_wrong[dob - month-Bill-Garton-23/12/1946-DN18 5DW-Male]>>\nkwargs = {}\n\n    def call_fixture_func(\n        fixturefunc: _FixtureFunc[FixtureValue], request: FixtureRequest, kwargs\n    ) -> FixtureValue:\n        if is_generator(fixturefunc):\n            fixturefunc = cast(\n                Callable[..., Generator[FixtureValue, None, None]], fixturefunc\n            )\n            generator = fixturefunc(**kwargs)\n            try:\n                fixture_result = next(generator)\n            except StopIteration:\n                raise ValueError(f\"{request.fixturename} did not yield a value\") from None\n            finalizer = functools.partial(_teardown_yield_fixture, fixturefunc, generator)\n            request.addfinalizer(finalizer)\n        else:\n            fixturefunc = cast(Callable[..., FixtureValue], fixturefunc)\n>           fixture_result = fixturefunc(**kwargs)\n\n.tox/py311/lib/python3.11/site-packages/_pytest/fixtures.py:898: \n_ _ _ _ _ _ _ _ _ _ _ _ _ _ _ _ _ _ _ _ _ _ _ _ _ _ _ _ _ _ _ _ _ _ _ _ _ _ _ _ \n\n    @then(\"I can see a message that no results are found for the patient\")\n    def step_assert_no_results_found_for_patient_message():\n        attach_screenshot(\"no_results_found_should_be_visible\")\n>       assert check_patient_not_found_message_exists(True) == True\nE       assert False == True\nE        +  where False = check_patient_not_found_message_exists(True)\n\ntests/test_find_a_patient_steps.py:202: AssertionError",
  "flaky" : false,
  "newFailed" : false,
  "newBroken" : false,
  "newPassed" : false,
  "retriesCount" : 0,
  "retriesStatusChange" : false,
  "beforeStages" : [ ],
  "testStage" : {
    "status" : "failed",
    "statusMessage" : "AssertionError: assert False == True\n +  where False = check_patient_not_found_message_exists(True)",
    "statusTrace" : "fixturefunc = <function step_assert_no_results_found_for_patient_message at 0x7f95abfeda80>\nrequest = <FixtureRequest for <Function test_demographics_search_does_not_find_existing_patients_if_any_of_their_details_are_wrong[dob - month-Bill-Garton-23/12/1946-DN18 5DW-Male]>>\nkwargs = {}\n\n    def call_fixture_func(\n        fixturefunc: _FixtureFunc[FixtureValue], request: FixtureRequest, kwargs\n    ) -> FixtureValue:\n        if is_generator(fixturefunc):\n            fixturefunc = cast(\n                Callable[..., Generator[FixtureValue, None, None]], fixturefunc\n            )\n            generator = fixturefunc(**kwargs)\n            try:\n                fixture_result = next(generator)\n            except StopIteration:\n                raise ValueError(f\"{request.fixturename} did not yield a value\") from None\n            finalizer = functools.partial(_teardown_yield_fixture, fixturefunc, generator)\n            request.addfinalizer(finalizer)\n        else:\n            fixturefunc = cast(Callable[..., FixtureValue], fixturefunc)\n>           fixture_result = fixturefunc(**kwargs)\n\n.tox/py311/lib/python3.11/site-packages/_pytest/fixtures.py:898: \n_ _ _ _ _ _ _ _ _ _ _ _ _ _ _ _ _ _ _ _ _ _ _ _ _ _ _ _ _ _ _ _ _ _ _ _ _ _ _ _ \n\n    @then(\"I can see a message that no results are found for the patient\")\n    def step_assert_no_results_found_for_patient_message():\n        attach_screenshot(\"no_results_found_should_be_visible\")\n>       assert check_patient_not_found_message_exists(True) == True\nE       assert False == True\nE        +  where False = check_patient_not_found_message_exists(True)\n\ntests/test_find_a_patient_steps.py:202: AssertionError",
    "steps" : [ {
      "name" : "Given I am on the find a patient by demographics page",
      "time" : {
        "start" : 1728459562409,
        "stop" : 1728459577523,
        "duration" : 15114
      },
      "status" : "passed",
      "steps" : [ ],
      "attachments" : [ ],
      "parameters" : [ ],
      "stepsCount" : 0,
      "attachmentsCount" : 0,
      "shouldDisplayMessage" : false,
      "hasContent" : false
    }, {
      "name" : "And I enter the mandatory patient details Bill, Garton, and 23/12/1946",
      "time" : {
        "start" : 1728459577524,
        "stop" : 1728459602711,
        "duration" : 25187
      },
      "status" : "passed",
      "steps" : [ ],
      "attachments" : [ {
        "uid" : "29225692c7be7bea",
        "name" : "dev_chrome_129.0.6668.100_add_mandatory_patient_information.png",
        "source" : "29225692c7be7bea.png",
        "type" : "image/png",
        "size" : 59189
      } ],
      "parameters" : [ ],
      "stepsCount" : 0,
      "attachmentsCount" : 1,
      "shouldDisplayMessage" : false,
      "hasContent" : true
    }, {
      "name" : "And I enter the postcode DN18 5DW",
      "time" : {
        "start" : 1728459602712,
        "stop" : 1728459607857,
        "duration" : 5145
      },
      "status" : "passed",
      "steps" : [ ],
      "attachments" : [ {
        "uid" : "251b7550cb3f06d2",
        "name" : "dev_chrome_129.0.6668.100_enter_invalid_postcode.png",
        "source" : "251b7550cb3f06d2.png",
        "type" : "image/png",
        "size" : 59189
      } ],
      "parameters" : [ ],
      "stepsCount" : 0,
      "attachmentsCount" : 1,
      "shouldDisplayMessage" : false,
      "hasContent" : true
    }, {
      "name" : "And I select the gender Male",
      "time" : {
        "start" : 1728459607858,
        "stop" : 1728459612994,
        "duration" : 5136
      },
      "status" : "passed",
      "steps" : [ ],
      "attachments" : [ {
        "uid" : "cc13c52ee4c23b54",
        "name" : "dev_chrome_129.0.6668.100_select_gender.png",
        "source" : "cc13c52ee4c23b54.png",
        "type" : "image/png",
        "size" : 59189
      } ],
      "parameters" : [ ],
      "stepsCount" : 0,
      "attachmentsCount" : 1,
      "shouldDisplayMessage" : false,
      "hasContent" : true
    }, {
      "name" : "When I click the search button",
      "time" : {
        "start" : 1728459612994,
        "stop" : 1728459613060,
        "duration" : 66
      },
      "status" : "passed",
      "steps" : [ ],
      "attachments" : [ ],
      "parameters" : [ ],
      "stepsCount" : 0,
      "attachmentsCount" : 0,
      "shouldDisplayMessage" : false,
      "hasContent" : false
    }, {
      "name" : "Then I can see a message that no results are found for the patient",
      "time" : {
        "start" : 1728459613060,
        "stop" : 1728459643200,
        "duration" : 30140
      },
      "status" : "failed",
      "statusMessage" : "assert False == True\n +  where False = check_patient_not_found_message_exists(True)",
      "statusTrace" : "AssertionError: assert False == True\n +  where False = check_patient_not_found_message_exists(True)\n",
      "steps" : [ ],
      "attachments" : [ {
        "uid" : "ed99f4b22d2fb888",
        "name" : "dev_chrome_129.0.6668.100_no_results_found_should_be_visible.png",
        "source" : "ed99f4b22d2fb888.png",
        "type" : "image/png",
        "size" : 66892
      } ],
      "parameters" : [ ],
      "stepsCount" : 0,
      "attachmentsCount" : 1,
      "shouldDisplayMessage" : true,
      "hasContent" : true
    } ],
    "attachments" : [ ],
    "parameters" : [ ],
    "stepsCount" : 6,
    "attachmentsCount" : 4,
    "shouldDisplayMessage" : true,
    "hasContent" : true
  },
  "afterStages" : [ ],
  "labels" : [ {
    "name" : "host",
    "value" : "eb294f7ec253"
  }, {
    "name" : "thread",
    "value" : "1044-MainThread"
  }, {
    "name" : "framework",
    "value" : "pytest-bdd"
  }, {
    "name" : "language",
    "value" : "cpython3"
  }, {
    "name" : "feature",
    "value" : "Find a patient"
  }, {
    "name" : "resultFormat",
    "value" : "allure2"
  } ],
  "parameters" : [ {
    "name" : "dob",
    "value" : "23/12/1946"
  }, {
    "name" : "firstName",
    "value" : "Bill"
  }, {
    "name" : "gender",
    "value" : "Male"
  }, {
    "name" : "lastName",
    "value" : "Garton"
  }, {
    "name" : "postcode",
    "value" : "DN18 5DW"
  }, {
    "name" : "scenario",
    "value" : "dob - month"
  } ],
  "links" : [ ],
  "hidden" : false,
  "retry" : false,
  "extra" : {
    "severity" : "normal",
    "retries" : [ ],
    "categories" : [ {
      "name" : "Product defects",
      "matchedStatuses" : [ ],
      "flaky" : false
    } ],
    "tags" : [ ]
  },
  "source" : "742664d2a138ae4f.json",
  "parameterValues" : [ "23/12/1946", "Bill", "Male", "Garton", "DN18 5DW", "dob - month" ]
}