{
  "uid" : "a32fbf08ff7aab4",
  "name" : "Error messages should appear when no values are entered",
  "fullName" : "/app/features/add_batches.feature:Error messages should appear when no values are entered",
  "historyId" : "9ca872d12287f3fe4e234b76581625b8",
  "time" : {
    "start" : 1731609442117,
    "stop" : 1731609462657,
    "duration" : 20540
  },
  "status" : "failed",
  "statusMessage" : "AssertionError: assert False\n +  where False = check_enter_batch_number_error_message_is_displayed()",
  "statusTrace" : "fixturefunc = <function step_then_the_error_messages_for_missing_fields_should_appear at 0x7ffba0beb6a0>\nrequest = <FixtureRequest for <Function test_batch_error_messages_should_appear_when_no_values_are_entered>>\nkwargs = {}\n\n    def call_fixture_func(\n        fixturefunc: _FixtureFunc[FixtureValue], request: FixtureRequest, kwargs\n    ) -> FixtureValue:\n        if is_generator(fixturefunc):\n            fixturefunc = cast(\n                Callable[..., Generator[FixtureValue, None, None]], fixturefunc\n            )\n            generator = fixturefunc(**kwargs)\n            try:\n                fixture_result = next(generator)\n            except StopIteration:\n                raise ValueError(f\"{request.fixturename} did not yield a value\") from None\n            finalizer = functools.partial(_teardown_yield_fixture, fixturefunc, generator)\n            request.addfinalizer(finalizer)\n        else:\n            fixturefunc = cast(Callable[..., FixtureValue], fixturefunc)\n>           fixture_result = fixturefunc(**kwargs)\n\n.tox/py311/lib/python3.11/site-packages/_pytest/fixtures.py:898: \n_ _ _ _ _ _ _ _ _ _ _ _ _ _ _ _ _ _ _ _ _ _ _ _ _ _ _ _ _ _ _ _ _ _ _ _ _ _ _ _ \n\n    @then('the error messages and error links should appear highlighting missing required fields')\n    def step_then_the_error_messages_for_missing_fields_should_appear():\n        attach_screenshot(check_enter_batch_number_error_message_is_displayed)\n>       assert check_enter_batch_number_error_message_is_displayed()\nE       assert False\nE        +  where False = check_enter_batch_number_error_message_is_displayed()\n\ntests/test_add_vaccine_batches_steps.py:101: AssertionError",
  "flaky" : false,
  "newFailed" : false,
  "newBroken" : false,
  "newPassed" : false,
  "retriesCount" : 0,
  "retriesStatusChange" : false,
  "beforeStages" : [ ],
  "testStage" : {
    "status" : "failed",
    "statusMessage" : "AssertionError: assert False\n +  where False = check_enter_batch_number_error_message_is_displayed()",
    "statusTrace" : "fixturefunc = <function step_then_the_error_messages_for_missing_fields_should_appear at 0x7ffba0beb6a0>\nrequest = <FixtureRequest for <Function test_batch_error_messages_should_appear_when_no_values_are_entered>>\nkwargs = {}\n\n    def call_fixture_func(\n        fixturefunc: _FixtureFunc[FixtureValue], request: FixtureRequest, kwargs\n    ) -> FixtureValue:\n        if is_generator(fixturefunc):\n            fixturefunc = cast(\n                Callable[..., Generator[FixtureValue, None, None]], fixturefunc\n            )\n            generator = fixturefunc(**kwargs)\n            try:\n                fixture_result = next(generator)\n            except StopIteration:\n                raise ValueError(f\"{request.fixturename} did not yield a value\") from None\n            finalizer = functools.partial(_teardown_yield_fixture, fixturefunc, generator)\n            request.addfinalizer(finalizer)\n        else:\n            fixturefunc = cast(Callable[..., FixtureValue], fixturefunc)\n>           fixture_result = fixturefunc(**kwargs)\n\n.tox/py311/lib/python3.11/site-packages/_pytest/fixtures.py:898: \n_ _ _ _ _ _ _ _ _ _ _ _ _ _ _ _ _ _ _ _ _ _ _ _ _ _ _ _ _ _ _ _ _ _ _ _ _ _ _ _ \n\n    @then('the error messages and error links should appear highlighting missing required fields')\n    def step_then_the_error_messages_for_missing_fields_should_appear():\n        attach_screenshot(check_enter_batch_number_error_message_is_displayed)\n>       assert check_enter_batch_number_error_message_is_displayed()\nE       assert False\nE        +  where False = check_enter_batch_number_error_message_is_displayed()\n\ntests/test_add_vaccine_batches_steps.py:101: AssertionError",
    "steps" : [ {
      "name" : "Given I am logged into the RAVS app",
      "time" : {
        "start" : 1731609442118,
        "stop" : 1731609442118,
        "duration" : 0
      },
      "status" : "passed",
      "steps" : [ ],
      "attachments" : [ ],
      "parameters" : [ ],
      "stepsCount" : 0,
      "attachmentsCount" : 0,
      "shouldDisplayMessage" : false,
      "hasContent" : false
    }, {
      "name" : "When I am on the vaccines page",
      "time" : {
        "start" : 1731609442118,
        "stop" : 1731609445604,
        "duration" : 3486
      },
      "status" : "passed",
      "steps" : [ ],
      "attachments" : [ ],
      "parameters" : [ ],
      "stepsCount" : 0,
      "attachmentsCount" : 0,
      "shouldDisplayMessage" : false,
      "hasContent" : false
    }, {
      "name" : "And I click on an available add batch link",
      "time" : {
        "start" : 1731609445604,
        "stop" : 1731609452294,
        "duration" : 6690
      },
      "status" : "passed",
      "steps" : [ ],
      "attachments" : [ ],
      "parameters" : [ ],
      "stepsCount" : 0,
      "attachmentsCount" : 0,
      "shouldDisplayMessage" : false,
      "hasContent" : false
    }, {
      "name" : "And I click continue to confirm batch details page",
      "time" : {
        "start" : 1731609452294,
        "stop" : 1731609452399,
        "duration" : 105
      },
      "status" : "passed",
      "steps" : [ ],
      "attachments" : [ ],
      "parameters" : [ ],
      "stepsCount" : 0,
      "attachmentsCount" : 0,
      "shouldDisplayMessage" : false,
      "hasContent" : false
    }, {
      "name" : "Then the error messages and error links should appear highlighting missing required fields",
      "time" : {
        "start" : 1731609452400,
        "stop" : 1731609462657,
        "duration" : 10257
      },
      "status" : "failed",
      "statusMessage" : "assert False\n +  where False = check_enter_batch_number_error_message_is_displayed()",
      "statusTrace" : "AssertionError: assert False\n +  where False = check_enter_batch_number_error_message_is_displayed()\n",
      "steps" : [ ],
      "attachments" : [ {
        "uid" : "762946f6700e17ac",
        "name" : "dev_edge_130.0.2849.80__function check_enter_batch_number_error_message_is_displayed at 0x7ffba0b96160_.png",
        "source" : "762946f6700e17ac.png",
        "type" : "image/png",
        "size" : 33515
      } ],
      "parameters" : [ ],
      "stepsCount" : 0,
      "attachmentsCount" : 1,
      "shouldDisplayMessage" : true,
      "hasContent" : true
    } ],
    "attachments" : [ {
      "uid" : "368d7141b733d598",
      "name" : "log",
      "source" : "368d7141b733d598.txt",
      "type" : "text/plain",
      "size" : 2122
    } ],
    "parameters" : [ ],
    "stepsCount" : 5,
    "attachmentsCount" : 2,
    "shouldDisplayMessage" : true,
    "hasContent" : true
  },
  "afterStages" : [ ],
  "labels" : [ {
    "name" : "host",
    "value" : "53dd0526de40"
  }, {
    "name" : "thread",
    "value" : "1100-MainThread"
  }, {
    "name" : "framework",
    "value" : "pytest-bdd"
  }, {
    "name" : "language",
    "value" : "cpython3"
  }, {
    "name" : "feature",
    "value" : "Add Batches to vaccine"
  }, {
    "name" : "resultFormat",
    "value" : "allure2"
  } ],
  "parameters" : [ ],
  "links" : [ ],
  "hidden" : false,
  "retry" : false,
  "extra" : {
    "severity" : "normal",
    "retries" : [ ],
    "categories" : [ {
      "name" : "Product defects",
      "matchedStatuses" : [ ],
      "flaky" : false
    } ],
    "tags" : [ ]
  },
  "source" : "a32fbf08ff7aab4.json",
  "parameterValues" : [ ]
}