{
  "uid" : "a383f7ff46884ec9",
  "name" : "NHS sign in page should be visible",
  "fullName" : "features/login.feature:NHS sign in page should be visible",
  "historyId" : "af06b7202b34fb810ed33c32dfaf440e",
  "time" : {
    "start" : 1730277507478,
    "stop" : 1730277568586,
    "duration" : 61108
  },
  "status" : "failed",
  "statusMessage" : "AssertionError: NHS signin button is not visible\nassert False",
  "statusTrace" : "fixturefunc = <function step_nhs_sign_in_page_visible at 0x7f6a77f59f80>\nrequest = <FixtureRequest for <Function test_nhs_sign_in_page_should_be_visible>>\nkwargs = {}\n\n    def call_fixture_func(\n        fixturefunc: _FixtureFunc[FixtureValue], request: FixtureRequest, kwargs\n    ) -> FixtureValue:\n        if is_generator(fixturefunc):\n            fixturefunc = cast(\n                Callable[..., Generator[FixtureValue, None, None]], fixturefunc\n            )\n            generator = fixturefunc(**kwargs)\n            try:\n                fixture_result = next(generator)\n            except StopIteration:\n                raise ValueError(f\"{request.fixturename} did not yield a value\") from None\n            finalizer = functools.partial(_teardown_yield_fixture, fixturefunc, generator)\n            request.addfinalizer(finalizer)\n        else:\n            fixturefunc = cast(Callable[..., FixtureValue], fixturefunc)\n>           fixture_result = fixturefunc(**kwargs)\n\n.tox/py311/lib/python3.11/site-packages/_pytest/fixtures.py:898: \n_ _ _ _ _ _ _ _ _ _ _ _ _ _ _ _ _ _ _ _ _ _ _ _ _ _ _ _ _ _ _ _ _ _ _ _ _ _ _ _ \n\n    @then('the NHS sign in page should be visible')\n    def step_nhs_sign_in_page_visible():\n        attach_screenshot(\"nhs_sign_in_button_should_be_visible\")\n        if check_signin_button_exists():\n            assert True, \"NHS signin button is visible\"\n        else:\n>           assert False, \"NHS signin button is not visible\"\nE           AssertionError: NHS signin button is not visible\nE           assert False\n\ntests/test_login_steps.py:52: AssertionError",
  "flaky" : false,
  "newFailed" : false,
  "newBroken" : false,
  "newPassed" : false,
  "retriesCount" : 0,
  "retriesStatusChange" : false,
  "beforeStages" : [ ],
  "testStage" : {
    "status" : "failed",
    "statusMessage" : "AssertionError: NHS signin button is not visible\nassert False",
    "statusTrace" : "fixturefunc = <function step_nhs_sign_in_page_visible at 0x7f6a77f59f80>\nrequest = <FixtureRequest for <Function test_nhs_sign_in_page_should_be_visible>>\nkwargs = {}\n\n    def call_fixture_func(\n        fixturefunc: _FixtureFunc[FixtureValue], request: FixtureRequest, kwargs\n    ) -> FixtureValue:\n        if is_generator(fixturefunc):\n            fixturefunc = cast(\n                Callable[..., Generator[FixtureValue, None, None]], fixturefunc\n            )\n            generator = fixturefunc(**kwargs)\n            try:\n                fixture_result = next(generator)\n            except StopIteration:\n                raise ValueError(f\"{request.fixturename} did not yield a value\") from None\n            finalizer = functools.partial(_teardown_yield_fixture, fixturefunc, generator)\n            request.addfinalizer(finalizer)\n        else:\n            fixturefunc = cast(Callable[..., FixtureValue], fixturefunc)\n>           fixture_result = fixturefunc(**kwargs)\n\n.tox/py311/lib/python3.11/site-packages/_pytest/fixtures.py:898: \n_ _ _ _ _ _ _ _ _ _ _ _ _ _ _ _ _ _ _ _ _ _ _ _ _ _ _ _ _ _ _ _ _ _ _ _ _ _ _ _ \n\n    @then('the NHS sign in page should be visible')\n    def step_nhs_sign_in_page_visible():\n        attach_screenshot(\"nhs_sign_in_button_should_be_visible\")\n        if check_signin_button_exists():\n            assert True, \"NHS signin button is visible\"\n        else:\n>           assert False, \"NHS signin button is not visible\"\nE           AssertionError: NHS signin button is not visible\nE           assert False\n\ntests/test_login_steps.py:52: AssertionError",
    "steps" : [ {
      "name" : "Given I access the ravs web app",
      "time" : {
        "start" : 1730277507478,
        "stop" : 1730277517786,
        "duration" : 10308
      },
      "status" : "passed",
      "steps" : [ ],
      "attachments" : [ ],
      "parameters" : [ ],
      "stepsCount" : 0,
      "attachmentsCount" : 0,
      "shouldDisplayMessage" : false,
      "hasContent" : false
    }, {
      "name" : "When I click on the log in button",
      "time" : {
        "start" : 1730277517787,
        "stop" : 1730277538113,
        "duration" : 20326
      },
      "status" : "passed",
      "steps" : [ ],
      "attachments" : [ ],
      "parameters" : [ ],
      "stepsCount" : 0,
      "attachmentsCount" : 0,
      "shouldDisplayMessage" : false,
      "hasContent" : false
    }, {
      "name" : "Then the NHS sign in page should be visible",
      "time" : {
        "start" : 1730277538113,
        "stop" : 1730277568585,
        "duration" : 30472
      },
      "status" : "failed",
      "statusMessage" : "NHS signin button is not visible\nassert False",
      "statusTrace" : "AssertionError: NHS signin button is not visible\nassert False\n",
      "steps" : [ ],
      "attachments" : [ {
        "uid" : "1368ae911295a44b",
        "name" : "dev_chrome_130.0.6723.91_nhs_sign_in_button_should_be_visible.png",
        "source" : "1368ae911295a44b.png",
        "type" : "image/png",
        "size" : 56101
      } ],
      "parameters" : [ ],
      "stepsCount" : 0,
      "attachmentsCount" : 1,
      "shouldDisplayMessage" : true,
      "hasContent" : true
    } ],
    "attachments" : [ {
      "uid" : "f76befa3d0e0c481",
      "name" : "log",
      "source" : "f76befa3d0e0c481.txt",
      "type" : "text/plain",
      "size" : 1229
    } ],
    "parameters" : [ ],
    "stepsCount" : 3,
    "attachmentsCount" : 2,
    "shouldDisplayMessage" : true,
    "hasContent" : true
  },
  "afterStages" : [ ],
  "labels" : [ {
    "name" : "host",
    "value" : "ffdd1db22aac"
  }, {
    "name" : "thread",
    "value" : "1097-MainThread"
  }, {
    "name" : "framework",
    "value" : "pytest-bdd"
  }, {
    "name" : "language",
    "value" : "cpython3"
  }, {
    "name" : "feature",
    "value" : "Login Feature"
  }, {
    "name" : "resultFormat",
    "value" : "allure2"
  } ],
  "parameters" : [ ],
  "links" : [ ],
  "hidden" : false,
  "retry" : false,
  "extra" : {
    "severity" : "normal",
    "retries" : [ ],
    "categories" : [ {
      "name" : "Product defects",
      "matchedStatuses" : [ ],
      "flaky" : false
    } ],
    "tags" : [ ]
  },
  "source" : "a383f7ff46884ec9.json",
  "parameterValues" : [ ]
}