{
  "uid" : "ab657305b23451fd",
  "name" : "Demographics: Search does not find existing patients if any of their details are wrong [first name-Bob-Garton-23/6/1946-DN18 5DW-Male]",
  "fullName" : "/app/features/find_a_patient.feature:Demographics: Search does not find existing patients if any of their details are wrong",
  "historyId" : "a8cb2549e32653a2b141e572727a9761",
  "time" : {
    "start" : 1730272364215,
    "stop" : 1730272379773,
    "duration" : 15558
  },
  "status" : "failed",
  "statusMessage" : "AssertionError: assert False == True\n +  where False = check_patient_not_found_message_exists(True)",
  "statusTrace" : "fixturefunc = <function step_assert_no_results_found_for_patient_message at 0x7f8208806e80>\nrequest = <FixtureRequest for <Function test_demographics_search_does_not_find_existing_patients_if_any_of_their_details_are_wrong[first name-Bob-Garton-23/6/1946-DN18 5DW-Male]>>\nkwargs = {}\n\n    def call_fixture_func(\n        fixturefunc: _FixtureFunc[FixtureValue], request: FixtureRequest, kwargs\n    ) -> FixtureValue:\n        if is_generator(fixturefunc):\n            fixturefunc = cast(\n                Callable[..., Generator[FixtureValue, None, None]], fixturefunc\n            )\n            generator = fixturefunc(**kwargs)\n            try:\n                fixture_result = next(generator)\n            except StopIteration:\n                raise ValueError(f\"{request.fixturename} did not yield a value\") from None\n            finalizer = functools.partial(_teardown_yield_fixture, fixturefunc, generator)\n            request.addfinalizer(finalizer)\n        else:\n            fixturefunc = cast(Callable[..., FixtureValue], fixturefunc)\n>           fixture_result = fixturefunc(**kwargs)\n\n.tox/py311/lib/python3.11/site-packages/_pytest/fixtures.py:898: \n_ _ _ _ _ _ _ _ _ _ _ _ _ _ _ _ _ _ _ _ _ _ _ _ _ _ _ _ _ _ _ _ _ _ _ _ _ _ _ _ \n\n    @then(\"I can see a message that no results are found for the patient\")\n    def step_assert_no_results_found_for_patient_message():\n        attach_screenshot(\"no_results_found_should_be_visible\")\n>       assert check_patient_not_found_message_exists(True) == True\nE       assert False == True\nE        +  where False = check_patient_not_found_message_exists(True)\n\ntests/test_find_a_patient_steps.py:211: AssertionError",
  "flaky" : false,
  "newFailed" : false,
  "newBroken" : false,
  "newPassed" : false,
  "retriesCount" : 0,
  "retriesStatusChange" : false,
  "beforeStages" : [ ],
  "testStage" : {
    "status" : "failed",
    "statusMessage" : "AssertionError: assert False == True\n +  where False = check_patient_not_found_message_exists(True)",
    "statusTrace" : "fixturefunc = <function step_assert_no_results_found_for_patient_message at 0x7f8208806e80>\nrequest = <FixtureRequest for <Function test_demographics_search_does_not_find_existing_patients_if_any_of_their_details_are_wrong[first name-Bob-Garton-23/6/1946-DN18 5DW-Male]>>\nkwargs = {}\n\n    def call_fixture_func(\n        fixturefunc: _FixtureFunc[FixtureValue], request: FixtureRequest, kwargs\n    ) -> FixtureValue:\n        if is_generator(fixturefunc):\n            fixturefunc = cast(\n                Callable[..., Generator[FixtureValue, None, None]], fixturefunc\n            )\n            generator = fixturefunc(**kwargs)\n            try:\n                fixture_result = next(generator)\n            except StopIteration:\n                raise ValueError(f\"{request.fixturename} did not yield a value\") from None\n            finalizer = functools.partial(_teardown_yield_fixture, fixturefunc, generator)\n            request.addfinalizer(finalizer)\n        else:\n            fixturefunc = cast(Callable[..., FixtureValue], fixturefunc)\n>           fixture_result = fixturefunc(**kwargs)\n\n.tox/py311/lib/python3.11/site-packages/_pytest/fixtures.py:898: \n_ _ _ _ _ _ _ _ _ _ _ _ _ _ _ _ _ _ _ _ _ _ _ _ _ _ _ _ _ _ _ _ _ _ _ _ _ _ _ _ \n\n    @then(\"I can see a message that no results are found for the patient\")\n    def step_assert_no_results_found_for_patient_message():\n        attach_screenshot(\"no_results_found_should_be_visible\")\n>       assert check_patient_not_found_message_exists(True) == True\nE       assert False == True\nE        +  where False = check_patient_not_found_message_exists(True)\n\ntests/test_find_a_patient_steps.py:211: AssertionError",
    "steps" : [ {
      "name" : "Given I am on the find a patient by demographics page",
      "time" : {
        "start" : 1730272364216,
        "stop" : 1730272368605,
        "duration" : 4389
      },
      "status" : "passed",
      "steps" : [ ],
      "attachments" : [ ],
      "parameters" : [ ],
      "stepsCount" : 0,
      "attachmentsCount" : 0,
      "shouldDisplayMessage" : false,
      "hasContent" : false
    }, {
      "name" : "And I enter the mandatory patient details Bob, Garton, and 23/6/1946",
      "time" : {
        "start" : 1730272368606,
        "stop" : 1730272369096,
        "duration" : 490
      },
      "status" : "passed",
      "steps" : [ ],
      "attachments" : [ {
        "uid" : "3213354d972b660c",
        "name" : "qa_chrome_130.0.6723.91_add_mandatory_patient_information.png",
        "source" : "3213354d972b660c.png",
        "type" : "image/png",
        "size" : 55988
      } ],
      "parameters" : [ ],
      "stepsCount" : 0,
      "attachmentsCount" : 1,
      "shouldDisplayMessage" : false,
      "hasContent" : true
    }, {
      "name" : "And I enter the postcode DN18 5DW",
      "time" : {
        "start" : 1730272369096,
        "stop" : 1730272369265,
        "duration" : 169
      },
      "status" : "passed",
      "steps" : [ ],
      "attachments" : [ {
        "uid" : "ea752d37478448e5",
        "name" : "qa_chrome_130.0.6723.91_enter_invalid_postcode.png",
        "source" : "ea752d37478448e5.png",
        "type" : "image/png",
        "size" : 49934
      } ],
      "parameters" : [ ],
      "stepsCount" : 0,
      "attachmentsCount" : 1,
      "shouldDisplayMessage" : false,
      "hasContent" : true
    }, {
      "name" : "And I select the gender Male",
      "time" : {
        "start" : 1730272369265,
        "stop" : 1730272369411,
        "duration" : 146
      },
      "status" : "passed",
      "steps" : [ ],
      "attachments" : [ {
        "uid" : "c48609d1205a4100",
        "name" : "qa_chrome_130.0.6723.91_select_gender.png",
        "source" : "c48609d1205a4100.png",
        "type" : "image/png",
        "size" : 51142
      } ],
      "parameters" : [ ],
      "stepsCount" : 0,
      "attachmentsCount" : 1,
      "shouldDisplayMessage" : false,
      "hasContent" : true
    }, {
      "name" : "When I click the search button",
      "time" : {
        "start" : 1730272369412,
        "stop" : 1730272369511,
        "duration" : 99
      },
      "status" : "passed",
      "steps" : [ ],
      "attachments" : [ ],
      "parameters" : [ ],
      "stepsCount" : 0,
      "attachmentsCount" : 0,
      "shouldDisplayMessage" : false,
      "hasContent" : false
    }, {
      "name" : "Then I can see a message that no results are found for the patient",
      "time" : {
        "start" : 1730272369512,
        "stop" : 1730272379773,
        "duration" : 10261
      },
      "status" : "failed",
      "statusMessage" : "assert False == True\n +  where False = check_patient_not_found_message_exists(True)",
      "statusTrace" : "AssertionError: assert False == True\n +  where False = check_patient_not_found_message_exists(True)\n",
      "steps" : [ ],
      "attachments" : [ {
        "uid" : "57a6acdf9bc25933",
        "name" : "qa_chrome_130.0.6723.91_no_results_found_should_be_visible.png",
        "source" : "57a6acdf9bc25933.png",
        "type" : "image/png",
        "size" : 33511
      } ],
      "parameters" : [ ],
      "stepsCount" : 0,
      "attachmentsCount" : 1,
      "shouldDisplayMessage" : true,
      "hasContent" : true
    } ],
    "attachments" : [ {
      "uid" : "7429a4b77769db14",
      "name" : "log",
      "source" : "7429a4b77769db14.txt",
      "type" : "text/plain",
      "size" : 3236
    } ],
    "parameters" : [ ],
    "stepsCount" : 6,
    "attachmentsCount" : 5,
    "shouldDisplayMessage" : true,
    "hasContent" : true
  },
  "afterStages" : [ ],
  "labels" : [ {
    "name" : "host",
    "value" : "9634150af7bc"
  }, {
    "name" : "thread",
    "value" : "1103-MainThread"
  }, {
    "name" : "framework",
    "value" : "pytest-bdd"
  }, {
    "name" : "language",
    "value" : "cpython3"
  }, {
    "name" : "feature",
    "value" : "Find a patient"
  }, {
    "name" : "resultFormat",
    "value" : "allure2"
  } ],
  "parameters" : [ {
    "name" : "dob",
    "value" : "23/6/1946"
  }, {
    "name" : "firstName",
    "value" : "Bob"
  }, {
    "name" : "gender",
    "value" : "Male"
  }, {
    "name" : "lastName",
    "value" : "Garton"
  }, {
    "name" : "postcode",
    "value" : "DN18 5DW"
  }, {
    "name" : "scenario",
    "value" : "first name"
  } ],
  "links" : [ ],
  "hidden" : false,
  "retry" : false,
  "extra" : {
    "severity" : "normal",
    "retries" : [ ],
    "categories" : [ {
      "name" : "Product defects",
      "matchedStatuses" : [ ],
      "flaky" : false
    } ],
    "tags" : [ ]
  },
  "source" : "ab657305b23451fd.json",
  "parameterValues" : [ "23/6/1946", "Bob", "Male", "Garton", "DN18 5DW", "first name" ]
}