{
  "uid" : "af665c9beec2ceb0",
  "name" : "Add vaccines page should launch [ALBERT HOUSE-Care Home]",
  "fullName" : "/app/features/add_vaccines.feature:Add vaccines page should launch",
  "historyId" : "f97bddd62ddb1d8812cefb30c9b685ab",
  "time" : {
    "start" : 1724311131616,
    "stop" : 1724311374733,
    "duration" : 243117
  },
  "status" : "failed",
  "statusMessage" : "AssertionError: assert False == True\n +  where False = check_add_vaccine_button_exists()",
  "statusTrace" : "fixturefunc = <function the_add_vaccines_page_should_launch at 0x7fbcdc4aede0>\nrequest = <FixtureRequest for <Function test_add_vaccines_page_should_launch[ALBERT HOUSE-Care Home]>>\nkwargs = {}\n\n    def call_fixture_func(\n        fixturefunc: _FixtureFunc[FixtureValue], request: FixtureRequest, kwargs\n    ) -> FixtureValue:\n        if is_generator(fixturefunc):\n            fixturefunc = cast(\n                Callable[..., Generator[FixtureValue, None, None]], fixturefunc\n            )\n            generator = fixturefunc(**kwargs)\n            try:\n                fixture_result = next(generator)\n            except StopIteration:\n                raise ValueError(f\"{request.fixturename} did not yield a value\") from None\n            finalizer = functools.partial(_teardown_yield_fixture, fixturefunc, generator)\n            request.addfinalizer(finalizer)\n        else:\n            fixturefunc = cast(Callable[..., FixtureValue], fixturefunc)\n>           fixture_result = fixturefunc(**kwargs)\n\n.tox/py311/lib/python3.11/site-packages/_pytest/fixtures.py:897: \n_ _ _ _ _ _ _ _ _ _ _ _ _ _ _ _ _ _ _ _ _ _ _ _ _ _ _ _ _ _ _ _ _ _ _ _ _ _ _ _ \n\n    @then('the add vaccines page should be launched')\n    def the_add_vaccines_page_should_launch():\n        attach_screenshot(\"add_vaccines_page_should_launch\")\n>       assert check_add_vaccine_button_exists() == True\nE       assert False == True\nE        +  where False = check_add_vaccine_button_exists()\n\ntests/test_add_vaccine_steps.py:52: AssertionError",
  "flaky" : false,
  "newFailed" : false,
  "newBroken" : false,
  "newPassed" : false,
  "retriesCount" : 0,
  "retriesStatusChange" : false,
  "beforeStages" : [ ],
  "testStage" : {
    "status" : "failed",
    "statusMessage" : "AssertionError: assert False == True\n +  where False = check_add_vaccine_button_exists()",
    "statusTrace" : "fixturefunc = <function the_add_vaccines_page_should_launch at 0x7fbcdc4aede0>\nrequest = <FixtureRequest for <Function test_add_vaccines_page_should_launch[ALBERT HOUSE-Care Home]>>\nkwargs = {}\n\n    def call_fixture_func(\n        fixturefunc: _FixtureFunc[FixtureValue], request: FixtureRequest, kwargs\n    ) -> FixtureValue:\n        if is_generator(fixturefunc):\n            fixturefunc = cast(\n                Callable[..., Generator[FixtureValue, None, None]], fixturefunc\n            )\n            generator = fixturefunc(**kwargs)\n            try:\n                fixture_result = next(generator)\n            except StopIteration:\n                raise ValueError(f\"{request.fixturename} did not yield a value\") from None\n            finalizer = functools.partial(_teardown_yield_fixture, fixturefunc, generator)\n            request.addfinalizer(finalizer)\n        else:\n            fixturefunc = cast(Callable[..., FixtureValue], fixturefunc)\n>           fixture_result = fixturefunc(**kwargs)\n\n.tox/py311/lib/python3.11/site-packages/_pytest/fixtures.py:897: \n_ _ _ _ _ _ _ _ _ _ _ _ _ _ _ _ _ _ _ _ _ _ _ _ _ _ _ _ _ _ _ _ _ _ _ _ _ _ _ _ \n\n    @then('the add vaccines page should be launched')\n    def the_add_vaccines_page_should_launch():\n        attach_screenshot(\"add_vaccines_page_should_launch\")\n>       assert check_add_vaccine_button_exists() == True\nE       assert False == True\nE        +  where False = check_add_vaccine_button_exists()\n\ntests/test_add_vaccine_steps.py:52: AssertionError",
    "steps" : [ {
      "name" : "Given I am logged into the RAVS app",
      "time" : {
        "start" : 1724311131617,
        "stop" : 1724311253666,
        "duration" : 122049
      },
      "status" : "passed",
      "steps" : [ ],
      "attachments" : [ {
        "uid" : "645012039bcc7d0f",
        "name" : "qa_chrome_128.0.6613.84_user_has_selected_site.png",
        "source" : "645012039bcc7d0f.png",
        "type" : "image/png",
        "size" : 59238
      }, {
        "uid" : "40d958c2392026cf",
        "name" : "qa_chrome_128.0.6613.84_user_has_selected_care_model.png",
        "source" : "40d958c2392026cf.png",
        "type" : "image/png",
        "size" : 59238
      }, {
        "uid" : "fa89c6b22386484e",
        "name" : "qa_chrome_128.0.6613.84_user_has_entered_care_home_details.png",
        "source" : "fa89c6b22386484e.png",
        "type" : "image/png",
        "size" : 59238
      } ],
      "parameters" : [ ],
      "stepsCount" : 0,
      "attachmentsCount" : 3,
      "shouldDisplayMessage" : false,
      "hasContent" : true
    }, {
      "name" : "When I am on the vaccine settings page",
      "time" : {
        "start" : 1724311253667,
        "stop" : 1724311314315,
        "duration" : 60648
      },
      "status" : "passed",
      "steps" : [ ],
      "attachments" : [ ],
      "parameters" : [ ],
      "stepsCount" : 0,
      "attachmentsCount" : 0,
      "shouldDisplayMessage" : false,
      "hasContent" : false
    }, {
      "name" : "And I click add vaccines button",
      "time" : {
        "start" : 1724311314315,
        "stop" : 1724311344601,
        "duration" : 30286
      },
      "status" : "passed",
      "steps" : [ ],
      "attachments" : [ ],
      "parameters" : [ ],
      "stepsCount" : 0,
      "attachmentsCount" : 0,
      "shouldDisplayMessage" : false,
      "hasContent" : false
    }, {
      "name" : "Then the add vaccines page should be launched",
      "time" : {
        "start" : 1724311344601,
        "stop" : 1724311374733,
        "duration" : 30132
      },
      "status" : "failed",
      "statusMessage" : "assert False == True\n +  where False = check_add_vaccine_button_exists()",
      "statusTrace" : "AssertionError: assert False == True\n +  where False = check_add_vaccine_button_exists()\n",
      "steps" : [ ],
      "attachments" : [ {
        "uid" : "6732a87f74309a06",
        "name" : "qa_chrome_128.0.6613.84_add_vaccines_page_should_launch.png",
        "source" : "6732a87f74309a06.png",
        "type" : "image/png",
        "size" : 59238
      } ],
      "parameters" : [ ],
      "stepsCount" : 0,
      "attachmentsCount" : 1,
      "shouldDisplayMessage" : true,
      "hasContent" : true
    } ],
    "attachments" : [ ],
    "parameters" : [ ],
    "stepsCount" : 4,
    "attachmentsCount" : 4,
    "shouldDisplayMessage" : true,
    "hasContent" : true
  },
  "afterStages" : [ ],
  "labels" : [ {
    "name" : "host",
    "value" : "61e6e15b4b13"
  }, {
    "name" : "thread",
    "value" : "1070-MainThread"
  }, {
    "name" : "framework",
    "value" : "pytest-bdd"
  }, {
    "name" : "language",
    "value" : "cpython3"
  }, {
    "name" : "feature",
    "value" : "Add vaccine to site"
  }, {
    "name" : "resultFormat",
    "value" : "allure2"
  } ],
  "parameters" : [ {
    "name" : "care_model",
    "value" : "Care Home"
  }, {
    "name" : "site",
    "value" : "ALBERT HOUSE"
  } ],
  "links" : [ ],
  "hidden" : false,
  "retry" : false,
  "extra" : {
    "severity" : "normal",
    "retries" : [ ],
    "categories" : [ {
      "name" : "Product defects",
      "matchedStatuses" : [ ],
      "flaky" : false
    } ],
    "tags" : [ ]
  },
  "source" : "af665c9beec2ceb0.json",
  "parameterValues" : [ "Care Home", "ALBERT HOUSE" ]
}