{
  "uid" : "befa39aeceb2741e",
  "name" : "Demographics: Search does not find existing patients if any of their details are wrong [gender-Bill-Garton-23/6/1946-DN18 5DW-Unknown]",
  "fullName" : "/app/features/find_a_patient.feature:Demographics: Search does not find existing patients if any of their details are wrong",
  "historyId" : "4e7d4313984f5ce5655615810d7d4778",
  "time" : {
    "start" : 1730190284667,
    "stop" : 1730190570578,
    "duration" : 285911
  },
  "status" : "failed",
  "statusMessage" : "AssertionError: assert False == True\n +  where False = check_patient_not_found_message_exists(True)",
  "statusTrace" : "fixturefunc = <function step_assert_no_results_found_for_patient_message at 0x7f0f3a656e80>\nrequest = <FixtureRequest for <Function test_demographics_search_does_not_find_existing_patients_if_any_of_their_details_are_wrong[gender-Bill-Garton-23/6/1946-DN18 5DW-Unknown]>>\nkwargs = {}\n\n    def call_fixture_func(\n        fixturefunc: _FixtureFunc[FixtureValue], request: FixtureRequest, kwargs\n    ) -> FixtureValue:\n        if is_generator(fixturefunc):\n            fixturefunc = cast(\n                Callable[..., Generator[FixtureValue, None, None]], fixturefunc\n            )\n            generator = fixturefunc(**kwargs)\n            try:\n                fixture_result = next(generator)\n            except StopIteration:\n                raise ValueError(f\"{request.fixturename} did not yield a value\") from None\n            finalizer = functools.partial(_teardown_yield_fixture, fixturefunc, generator)\n            request.addfinalizer(finalizer)\n        else:\n            fixturefunc = cast(Callable[..., FixtureValue], fixturefunc)\n>           fixture_result = fixturefunc(**kwargs)\n\n.tox/py311/lib/python3.11/site-packages/_pytest/fixtures.py:898: \n_ _ _ _ _ _ _ _ _ _ _ _ _ _ _ _ _ _ _ _ _ _ _ _ _ _ _ _ _ _ _ _ _ _ _ _ _ _ _ _ \n\n    @then(\"I can see a message that no results are found for the patient\")\n    def step_assert_no_results_found_for_patient_message():\n        attach_screenshot(\"no_results_found_should_be_visible\")\n>       assert check_patient_not_found_message_exists(True) == True\nE       assert False == True\nE        +  where False = check_patient_not_found_message_exists(True)\n\ntests/test_find_a_patient_steps.py:211: AssertionError",
  "flaky" : false,
  "newFailed" : false,
  "newBroken" : false,
  "newPassed" : false,
  "retriesCount" : 0,
  "retriesStatusChange" : false,
  "beforeStages" : [ ],
  "testStage" : {
    "status" : "failed",
    "statusMessage" : "AssertionError: assert False == True\n +  where False = check_patient_not_found_message_exists(True)",
    "statusTrace" : "fixturefunc = <function step_assert_no_results_found_for_patient_message at 0x7f0f3a656e80>\nrequest = <FixtureRequest for <Function test_demographics_search_does_not_find_existing_patients_if_any_of_their_details_are_wrong[gender-Bill-Garton-23/6/1946-DN18 5DW-Unknown]>>\nkwargs = {}\n\n    def call_fixture_func(\n        fixturefunc: _FixtureFunc[FixtureValue], request: FixtureRequest, kwargs\n    ) -> FixtureValue:\n        if is_generator(fixturefunc):\n            fixturefunc = cast(\n                Callable[..., Generator[FixtureValue, None, None]], fixturefunc\n            )\n            generator = fixturefunc(**kwargs)\n            try:\n                fixture_result = next(generator)\n            except StopIteration:\n                raise ValueError(f\"{request.fixturename} did not yield a value\") from None\n            finalizer = functools.partial(_teardown_yield_fixture, fixturefunc, generator)\n            request.addfinalizer(finalizer)\n        else:\n            fixturefunc = cast(Callable[..., FixtureValue], fixturefunc)\n>           fixture_result = fixturefunc(**kwargs)\n\n.tox/py311/lib/python3.11/site-packages/_pytest/fixtures.py:898: \n_ _ _ _ _ _ _ _ _ _ _ _ _ _ _ _ _ _ _ _ _ _ _ _ _ _ _ _ _ _ _ _ _ _ _ _ _ _ _ _ \n\n    @then(\"I can see a message that no results are found for the patient\")\n    def step_assert_no_results_found_for_patient_message():\n        attach_screenshot(\"no_results_found_should_be_visible\")\n>       assert check_patient_not_found_message_exists(True) == True\nE       assert False == True\nE        +  where False = check_patient_not_found_message_exists(True)\n\ntests/test_find_a_patient_steps.py:211: AssertionError",
    "steps" : [ {
      "name" : "Given I am on the find a patient by demographics page",
      "time" : {
        "start" : 1730190284667,
        "stop" : 1730190397724,
        "duration" : 113057
      },
      "status" : "passed",
      "steps" : [ ],
      "attachments" : [ ],
      "parameters" : [ ],
      "stepsCount" : 0,
      "attachmentsCount" : 0,
      "shouldDisplayMessage" : false,
      "hasContent" : false
    }, {
      "name" : "And I enter the mandatory patient details Bill, Garton, and 23/6/1946",
      "time" : {
        "start" : 1730190397724,
        "stop" : 1730190499336,
        "duration" : 101612
      },
      "status" : "passed",
      "steps" : [ ],
      "attachments" : [ {
        "uid" : "1fb8936f22d6510b",
        "name" : "dev_chrome_130.0.6723.69_add_mandatory_patient_information.png",
        "source" : "1fb8936f22d6510b.png",
        "type" : "image/png",
        "size" : 4331
      } ],
      "parameters" : [ ],
      "stepsCount" : 0,
      "attachmentsCount" : 1,
      "shouldDisplayMessage" : false,
      "hasContent" : true
    }, {
      "name" : "And I enter the postcode DN18 5DW",
      "time" : {
        "start" : 1730190499337,
        "stop" : 1730190519702,
        "duration" : 20365
      },
      "status" : "passed",
      "steps" : [ ],
      "attachments" : [ {
        "uid" : "364809acfda59e5a",
        "name" : "dev_chrome_130.0.6723.69_enter_invalid_postcode.png",
        "source" : "364809acfda59e5a.png",
        "type" : "image/png",
        "size" : 4331
      } ],
      "parameters" : [ ],
      "stepsCount" : 0,
      "attachmentsCount" : 1,
      "shouldDisplayMessage" : false,
      "hasContent" : true
    }, {
      "name" : "And I select the gender Unknown",
      "time" : {
        "start" : 1730190519702,
        "stop" : 1730190540065,
        "duration" : 20363
      },
      "status" : "passed",
      "steps" : [ ],
      "attachments" : [ {
        "uid" : "12ad80718c0099ce",
        "name" : "dev_chrome_130.0.6723.69_select_gender.png",
        "source" : "12ad80718c0099ce.png",
        "type" : "image/png",
        "size" : 4331
      } ],
      "parameters" : [ ],
      "stepsCount" : 0,
      "attachmentsCount" : 1,
      "shouldDisplayMessage" : false,
      "hasContent" : true
    }, {
      "name" : "When I click the search button",
      "time" : {
        "start" : 1730190540066,
        "stop" : 1730190560377,
        "duration" : 20311
      },
      "status" : "passed",
      "steps" : [ ],
      "attachments" : [ ],
      "parameters" : [ ],
      "stepsCount" : 0,
      "attachmentsCount" : 0,
      "shouldDisplayMessage" : false,
      "hasContent" : false
    }, {
      "name" : "Then I can see a message that no results are found for the patient",
      "time" : {
        "start" : 1730190560377,
        "stop" : 1730190570578,
        "duration" : 10201
      },
      "status" : "failed",
      "statusMessage" : "assert False == True\n +  where False = check_patient_not_found_message_exists(True)",
      "statusTrace" : "AssertionError: assert False == True\n +  where False = check_patient_not_found_message_exists(True)\n",
      "steps" : [ ],
      "attachments" : [ {
        "uid" : "825bb2744d05c6bd",
        "name" : "dev_chrome_130.0.6723.69_no_results_found_should_be_visible.png",
        "source" : "825bb2744d05c6bd.png",
        "type" : "image/png",
        "size" : 4331
      } ],
      "parameters" : [ ],
      "stepsCount" : 0,
      "attachmentsCount" : 1,
      "shouldDisplayMessage" : true,
      "hasContent" : true
    } ],
    "attachments" : [ {
      "uid" : "19eb25cdcbf79c9c",
      "name" : "log",
      "source" : "19eb25cdcbf79c9c.txt",
      "type" : "text/plain",
      "size" : 3248
    } ],
    "parameters" : [ ],
    "stepsCount" : 6,
    "attachmentsCount" : 5,
    "shouldDisplayMessage" : true,
    "hasContent" : true
  },
  "afterStages" : [ ],
  "labels" : [ {
    "name" : "host",
    "value" : "7c0be77e3f3d"
  }, {
    "name" : "thread",
    "value" : "1102-MainThread"
  }, {
    "name" : "framework",
    "value" : "pytest-bdd"
  }, {
    "name" : "language",
    "value" : "cpython3"
  }, {
    "name" : "feature",
    "value" : "Find a patient"
  }, {
    "name" : "resultFormat",
    "value" : "allure2"
  } ],
  "parameters" : [ {
    "name" : "dob",
    "value" : "23/6/1946"
  }, {
    "name" : "firstName",
    "value" : "Bill"
  }, {
    "name" : "gender",
    "value" : "Unknown"
  }, {
    "name" : "lastName",
    "value" : "Garton"
  }, {
    "name" : "postcode",
    "value" : "DN18 5DW"
  }, {
    "name" : "scenario",
    "value" : "gender"
  } ],
  "links" : [ ],
  "hidden" : false,
  "retry" : false,
  "extra" : {
    "severity" : "normal",
    "retries" : [ ],
    "categories" : [ {
      "name" : "Product defects",
      "matchedStatuses" : [ ],
      "flaky" : false
    } ],
    "tags" : [ ]
  },
  "source" : "befa39aeceb2741e.json",
  "parameterValues" : [ "23/6/1946", "Bill", "Unknown", "Garton", "DN18 5DW", "gender" ]
}