{
  "uid" : "cda013944b4525b6",
  "name" : "Demographics: Search does not find existing patients if any of their details are wrong [postcode-Bill-Garton-23/6/1946-M6 3AA-Male]",
  "fullName" : "/app/features/find_a_patient.feature:Demographics: Search does not find existing patients if any of their details are wrong",
  "historyId" : "d60afbfd105108d113640870ead663de",
  "time" : {
    "start" : 1724574193292,
    "stop" : 1724574320463,
    "duration" : 127171
  },
  "status" : "failed",
  "statusMessage" : "AssertionError: assert False == True\n +  where False = check_patient_not_found_message_exists(True)",
  "statusTrace" : "fixturefunc = <function step_assert_no_results_found_for_patient_message at 0x7fa0399140e0>\nrequest = <FixtureRequest for <Function test_demographics_search_does_not_find_existing_patients_if_any_of_their_details_are_wrong[postcode-Bill-Garton-23/6/1946-M6 3AA-Male]>>\nkwargs = {}\n\n    def call_fixture_func(\n        fixturefunc: _FixtureFunc[FixtureValue], request: FixtureRequest, kwargs\n    ) -> FixtureValue:\n        if is_generator(fixturefunc):\n            fixturefunc = cast(\n                Callable[..., Generator[FixtureValue, None, None]], fixturefunc\n            )\n            generator = fixturefunc(**kwargs)\n            try:\n                fixture_result = next(generator)\n            except StopIteration:\n                raise ValueError(f\"{request.fixturename} did not yield a value\") from None\n            finalizer = functools.partial(_teardown_yield_fixture, fixturefunc, generator)\n            request.addfinalizer(finalizer)\n        else:\n            fixturefunc = cast(Callable[..., FixtureValue], fixturefunc)\n>           fixture_result = fixturefunc(**kwargs)\n\n.tox/py311/lib/python3.11/site-packages/_pytest/fixtures.py:897: \n_ _ _ _ _ _ _ _ _ _ _ _ _ _ _ _ _ _ _ _ _ _ _ _ _ _ _ _ _ _ _ _ _ _ _ _ _ _ _ _ \n\n    @then(\"I can see a message that no results are found for the patient\")\n    def step_assert_no_results_found_for_patient_message():\n        attach_screenshot(\"no_results_found_should_be_visible\")\n>       assert check_patient_not_found_message_exists(True) == True\nE       assert False == True\nE        +  where False = check_patient_not_found_message_exists(True)\n\ntests/test_find_a_patient_steps.py:215: AssertionError",
  "flaky" : false,
  "newFailed" : false,
  "newBroken" : false,
  "newPassed" : false,
  "retriesCount" : 0,
  "retriesStatusChange" : false,
  "beforeStages" : [ ],
  "testStage" : {
    "status" : "failed",
    "statusMessage" : "AssertionError: assert False == True\n +  where False = check_patient_not_found_message_exists(True)",
    "statusTrace" : "fixturefunc = <function step_assert_no_results_found_for_patient_message at 0x7fa0399140e0>\nrequest = <FixtureRequest for <Function test_demographics_search_does_not_find_existing_patients_if_any_of_their_details_are_wrong[postcode-Bill-Garton-23/6/1946-M6 3AA-Male]>>\nkwargs = {}\n\n    def call_fixture_func(\n        fixturefunc: _FixtureFunc[FixtureValue], request: FixtureRequest, kwargs\n    ) -> FixtureValue:\n        if is_generator(fixturefunc):\n            fixturefunc = cast(\n                Callable[..., Generator[FixtureValue, None, None]], fixturefunc\n            )\n            generator = fixturefunc(**kwargs)\n            try:\n                fixture_result = next(generator)\n            except StopIteration:\n                raise ValueError(f\"{request.fixturename} did not yield a value\") from None\n            finalizer = functools.partial(_teardown_yield_fixture, fixturefunc, generator)\n            request.addfinalizer(finalizer)\n        else:\n            fixturefunc = cast(Callable[..., FixtureValue], fixturefunc)\n>           fixture_result = fixturefunc(**kwargs)\n\n.tox/py311/lib/python3.11/site-packages/_pytest/fixtures.py:897: \n_ _ _ _ _ _ _ _ _ _ _ _ _ _ _ _ _ _ _ _ _ _ _ _ _ _ _ _ _ _ _ _ _ _ _ _ _ _ _ _ \n\n    @then(\"I can see a message that no results are found for the patient\")\n    def step_assert_no_results_found_for_patient_message():\n        attach_screenshot(\"no_results_found_should_be_visible\")\n>       assert check_patient_not_found_message_exists(True) == True\nE       assert False == True\nE        +  where False = check_patient_not_found_message_exists(True)\n\ntests/test_find_a_patient_steps.py:215: AssertionError",
    "steps" : [ {
      "name" : "Given I am on the find a patient by demographics page",
      "time" : {
        "start" : 1724574193293,
        "stop" : 1724574287480,
        "duration" : 94187
      },
      "status" : "passed",
      "steps" : [ ],
      "attachments" : [ {
        "uid" : "85a5b90228e4a372",
        "name" : "dev_chrome_128.0.6613.84_user_has_selected_site.png",
        "source" : "85a5b90228e4a372.png",
        "type" : "image/png",
        "size" : 59238
      }, {
        "uid" : "b8cec63f22636195",
        "name" : "dev_chrome_128.0.6613.84_user_has_selected_care_model.png",
        "source" : "b8cec63f22636195.png",
        "type" : "image/png",
        "size" : 59238
      } ],
      "parameters" : [ ],
      "stepsCount" : 0,
      "attachmentsCount" : 2,
      "shouldDisplayMessage" : false,
      "hasContent" : true
    }, {
      "name" : "And I enter the mandatory patient details Bill, Garton, and 23/6/1946",
      "time" : {
        "start" : 1724574287481,
        "stop" : 1724574289123,
        "duration" : 1642
      },
      "status" : "passed",
      "steps" : [ ],
      "attachments" : [ {
        "uid" : "2051eed1731e096a",
        "name" : "dev_chrome_128.0.6613.84_add_mandatory_patient_information.png",
        "source" : "2051eed1731e096a.png",
        "type" : "image/png",
        "size" : 86060
      } ],
      "parameters" : [ ],
      "stepsCount" : 0,
      "attachmentsCount" : 1,
      "shouldDisplayMessage" : false,
      "hasContent" : true
    }, {
      "name" : "And I enter the postcode M6 3AA",
      "time" : {
        "start" : 1724574289123,
        "stop" : 1724574289557,
        "duration" : 434
      },
      "status" : "passed",
      "steps" : [ ],
      "attachments" : [ {
        "uid" : "d02ce16f16101ed7",
        "name" : "dev_chrome_128.0.6613.84_enter_postcode.png",
        "source" : "d02ce16f16101ed7.png",
        "type" : "image/png",
        "size" : 87489
      } ],
      "parameters" : [ ],
      "stepsCount" : 0,
      "attachmentsCount" : 1,
      "shouldDisplayMessage" : false,
      "hasContent" : true
    }, {
      "name" : "And I select the gender Male",
      "time" : {
        "start" : 1724574289557,
        "stop" : 1724574289990,
        "duration" : 433
      },
      "status" : "passed",
      "steps" : [ ],
      "attachments" : [ {
        "uid" : "fe8cb66af4a022c2",
        "name" : "dev_chrome_128.0.6613.84_select_gender.png",
        "source" : "fe8cb66af4a022c2.png",
        "type" : "image/png",
        "size" : 86935
      } ],
      "parameters" : [ ],
      "stepsCount" : 0,
      "attachmentsCount" : 1,
      "shouldDisplayMessage" : false,
      "hasContent" : true
    }, {
      "name" : "When I click the search button",
      "time" : {
        "start" : 1724574289990,
        "stop" : 1724574290325,
        "duration" : 335
      },
      "status" : "passed",
      "steps" : [ ],
      "attachments" : [ ],
      "parameters" : [ ],
      "stepsCount" : 0,
      "attachmentsCount" : 0,
      "shouldDisplayMessage" : false,
      "hasContent" : false
    }, {
      "name" : "Then I can see a message that no results are found for the patient",
      "time" : {
        "start" : 1724574290325,
        "stop" : 1724574320463,
        "duration" : 30138
      },
      "status" : "failed",
      "statusMessage" : "assert False == True\n +  where False = check_patient_not_found_message_exists(True)",
      "statusTrace" : "AssertionError: assert False == True\n +  where False = check_patient_not_found_message_exists(True)\n",
      "steps" : [ ],
      "attachments" : [ {
        "uid" : "f5ce09c08ed649ab",
        "name" : "dev_chrome_128.0.6613.84_no_results_found_should_be_visible.png",
        "source" : "f5ce09c08ed649ab.png",
        "type" : "image/png",
        "size" : 86720
      } ],
      "parameters" : [ ],
      "stepsCount" : 0,
      "attachmentsCount" : 1,
      "shouldDisplayMessage" : true,
      "hasContent" : true
    } ],
    "attachments" : [ ],
    "parameters" : [ ],
    "stepsCount" : 6,
    "attachmentsCount" : 6,
    "shouldDisplayMessage" : true,
    "hasContent" : true
  },
  "afterStages" : [ ],
  "labels" : [ {
    "name" : "host",
    "value" : "895aa145228a"
  }, {
    "name" : "thread",
    "value" : "1067-MainThread"
  }, {
    "name" : "framework",
    "value" : "pytest-bdd"
  }, {
    "name" : "language",
    "value" : "cpython3"
  }, {
    "name" : "feature",
    "value" : "Find a patient"
  }, {
    "name" : "resultFormat",
    "value" : "allure2"
  } ],
  "parameters" : [ {
    "name" : "dob",
    "value" : "23/6/1946"
  }, {
    "name" : "firstName",
    "value" : "Bill"
  }, {
    "name" : "gender",
    "value" : "Male"
  }, {
    "name" : "lastName",
    "value" : "Garton"
  }, {
    "name" : "postcode",
    "value" : "M6 3AA"
  }, {
    "name" : "scenario",
    "value" : "postcode"
  } ],
  "links" : [ ],
  "hidden" : false,
  "retry" : false,
  "extra" : {
    "severity" : "normal",
    "retries" : [ ],
    "categories" : [ {
      "name" : "Product defects",
      "matchedStatuses" : [ ],
      "flaky" : false
    } ],
    "tags" : [ ]
  },
  "source" : "cda013944b4525b6.json",
  "parameterValues" : [ "23/6/1946", "Bill", "Male", "Garton", "M6 3AA", "postcode" ]
}