{
  "uid" : "ceff25e2ddc48602",
  "name" : "Demographics: Search without entering patient details shows errors on the mandatory fields [Enter the first name-Enter the last name-Enter the date of birth]",
  "fullName" : "/app/features/find_a_patient.feature:Demographics: Search without entering patient details shows errors on the mandatory fields",
  "historyId" : "ffd87a641da72571b8823162282d2883",
  "time" : {
    "start" : 1732007314757,
    "stop" : 1732007324437,
    "duration" : 9680
  },
  "status" : "failed",
  "statusMessage" : "AssertionError: assert False is True\n +  where False = check_dob_error_message_text_exists()",
  "statusTrace" : "fixturefunc = <function step_error_message_appears_for_dob at 0x7f0bb8553560>\nrequest = <FixtureRequest for <Function test_demographics_search_without_entering_patient_details_shows_errors_on_the_mandatory_fields[Enter the first name-Enter the last name-Enter the date of birth]>>\nkwargs = {'errorMessage': 'Enter the date of birth'}\n\n    def call_fixture_func(\n        fixturefunc: _FixtureFunc[FixtureValue], request: FixtureRequest, kwargs\n    ) -> FixtureValue:\n        if is_generator(fixturefunc):\n            fixturefunc = cast(\n                Callable[..., Generator[FixtureValue, None, None]], fixturefunc\n            )\n            generator = fixturefunc(**kwargs)\n            try:\n                fixture_result = next(generator)\n            except StopIteration:\n                raise ValueError(f\"{request.fixturename} did not yield a value\") from None\n            finalizer = functools.partial(_teardown_yield_fixture, fixturefunc, generator)\n            request.addfinalizer(finalizer)\n        else:\n            fixturefunc = cast(Callable[..., FixtureValue], fixturefunc)\n>           fixture_result = fixturefunc(**kwargs)\n\n.tox/py311/lib/python3.11/site-packages/_pytest/fixtures.py:898: \n_ _ _ _ _ _ _ _ _ _ _ _ _ _ _ _ _ _ _ _ _ _ _ _ _ _ _ _ _ _ _ _ _ _ _ _ _ _ _ _ \n\nerrorMessage = 'Enter the date of birth'\n\n    @then(parse('I can see a dob error message {errorMessage}'))\n    def step_error_message_appears_for_dob(errorMessage):\n        attach_screenshot(\"error_message_appears_for_dob\")\n>       assert check_dob_error_message_text_exists() is True\nE       assert False is True\nE        +  where False = check_dob_error_message_text_exists()\n\ntests/test_find_a_patient_steps.py:159: AssertionError",
  "flaky" : false,
  "newFailed" : false,
  "newBroken" : false,
  "newPassed" : false,
  "retriesCount" : 0,
  "retriesStatusChange" : false,
  "beforeStages" : [ ],
  "testStage" : {
    "status" : "failed",
    "statusMessage" : "AssertionError: assert False is True\n +  where False = check_dob_error_message_text_exists()",
    "statusTrace" : "fixturefunc = <function step_error_message_appears_for_dob at 0x7f0bb8553560>\nrequest = <FixtureRequest for <Function test_demographics_search_without_entering_patient_details_shows_errors_on_the_mandatory_fields[Enter the first name-Enter the last name-Enter the date of birth]>>\nkwargs = {'errorMessage': 'Enter the date of birth'}\n\n    def call_fixture_func(\n        fixturefunc: _FixtureFunc[FixtureValue], request: FixtureRequest, kwargs\n    ) -> FixtureValue:\n        if is_generator(fixturefunc):\n            fixturefunc = cast(\n                Callable[..., Generator[FixtureValue, None, None]], fixturefunc\n            )\n            generator = fixturefunc(**kwargs)\n            try:\n                fixture_result = next(generator)\n            except StopIteration:\n                raise ValueError(f\"{request.fixturename} did not yield a value\") from None\n            finalizer = functools.partial(_teardown_yield_fixture, fixturefunc, generator)\n            request.addfinalizer(finalizer)\n        else:\n            fixturefunc = cast(Callable[..., FixtureValue], fixturefunc)\n>           fixture_result = fixturefunc(**kwargs)\n\n.tox/py311/lib/python3.11/site-packages/_pytest/fixtures.py:898: \n_ _ _ _ _ _ _ _ _ _ _ _ _ _ _ _ _ _ _ _ _ _ _ _ _ _ _ _ _ _ _ _ _ _ _ _ _ _ _ _ \n\nerrorMessage = 'Enter the date of birth'\n\n    @then(parse('I can see a dob error message {errorMessage}'))\n    def step_error_message_appears_for_dob(errorMessage):\n        attach_screenshot(\"error_message_appears_for_dob\")\n>       assert check_dob_error_message_text_exists() is True\nE       assert False is True\nE        +  where False = check_dob_error_message_text_exists()\n\ntests/test_find_a_patient_steps.py:159: AssertionError",
    "steps" : [ {
      "name" : "Given I am on the find a patient by demographics page",
      "time" : {
        "start" : 1732007314757,
        "stop" : 1732007320466,
        "duration" : 5709
      },
      "status" : "passed",
      "steps" : [ ],
      "attachments" : [ ],
      "parameters" : [ ],
      "stepsCount" : 0,
      "attachmentsCount" : 0,
      "shouldDisplayMessage" : false,
      "hasContent" : false
    }, {
      "name" : "When I click the search button",
      "time" : {
        "start" : 1732007320467,
        "stop" : 1732007322595,
        "duration" : 2128
      },
      "status" : "passed",
      "steps" : [ ],
      "attachments" : [ ],
      "parameters" : [ ],
      "stepsCount" : 0,
      "attachmentsCount" : 0,
      "shouldDisplayMessage" : false,
      "hasContent" : false
    }, {
      "name" : "Then I can see a first name error message Enter the first name",
      "time" : {
        "start" : 1732007322595,
        "stop" : 1732007323207,
        "duration" : 612
      },
      "status" : "passed",
      "steps" : [ ],
      "attachments" : [ {
        "uid" : "1c1ef37f6b21ef69",
        "name" : "dev_edge_131.0.2903.51_error_message_appears_for_first_name.png",
        "source" : "1c1ef37f6b21ef69.png",
        "type" : "image/png",
        "size" : 39632
      } ],
      "parameters" : [ ],
      "stepsCount" : 0,
      "attachmentsCount" : 1,
      "shouldDisplayMessage" : false,
      "hasContent" : true
    }, {
      "name" : "And I can see a last name error message Enter the last name",
      "time" : {
        "start" : 1732007323208,
        "stop" : 1732007323832,
        "duration" : 624
      },
      "status" : "passed",
      "steps" : [ ],
      "attachments" : [ {
        "uid" : "51be38abb2a0ec52",
        "name" : "dev_edge_131.0.2903.51_error_message_appears_for_last_name.png",
        "source" : "51be38abb2a0ec52.png",
        "type" : "image/png",
        "size" : 39632
      } ],
      "parameters" : [ ],
      "stepsCount" : 0,
      "attachmentsCount" : 1,
      "shouldDisplayMessage" : false,
      "hasContent" : true
    }, {
      "name" : "And I can see a dob error message Enter the date of birth",
      "time" : {
        "start" : 1732007323833,
        "stop" : 1732007324437,
        "duration" : 604
      },
      "status" : "failed",
      "statusMessage" : "assert False is True\n +  where False = check_dob_error_message_text_exists()",
      "statusTrace" : "AssertionError: assert False is True\n +  where False = check_dob_error_message_text_exists()\n",
      "steps" : [ ],
      "attachments" : [ {
        "uid" : "602bf7058c577be5",
        "name" : "dev_edge_131.0.2903.51_error_message_appears_for_dob.png",
        "source" : "602bf7058c577be5.png",
        "type" : "image/png",
        "size" : 39632
      } ],
      "parameters" : [ ],
      "stepsCount" : 0,
      "attachmentsCount" : 1,
      "shouldDisplayMessage" : true,
      "hasContent" : true
    } ],
    "attachments" : [ {
      "uid" : "eae730b3ee1a8cf7",
      "name" : "log",
      "source" : "eae730b3ee1a8cf7.txt",
      "type" : "text/plain",
      "size" : 3048
    } ],
    "parameters" : [ ],
    "stepsCount" : 5,
    "attachmentsCount" : 4,
    "shouldDisplayMessage" : true,
    "hasContent" : true
  },
  "afterStages" : [ ],
  "labels" : [ {
    "name" : "host",
    "value" : "4e7bb9bf6888"
  }, {
    "name" : "thread",
    "value" : "1099-MainThread"
  }, {
    "name" : "framework",
    "value" : "pytest-bdd"
  }, {
    "name" : "language",
    "value" : "cpython3"
  }, {
    "name" : "feature",
    "value" : "Find a patient"
  }, {
    "name" : "resultFormat",
    "value" : "allure2"
  } ],
  "parameters" : [ {
    "name" : "dobError",
    "value" : "Enter the date of birth"
  }, {
    "name" : "firstNameError",
    "value" : "Enter the first name"
  }, {
    "name" : "lastNameError",
    "value" : "Enter the last name"
  } ],
  "links" : [ ],
  "hidden" : false,
  "retry" : false,
  "extra" : {
    "severity" : "normal",
    "retries" : [ ],
    "categories" : [ {
      "name" : "Product defects",
      "matchedStatuses" : [ ],
      "flaky" : false
    } ],
    "tags" : [ ]
  },
  "source" : "ceff25e2ddc48602.json",
  "parameterValues" : [ "Enter the date of birth", "Enter the first name", "Enter the last name" ]
}