{
  "uid" : "d5fd267a9e2b697c",
  "name" : "Sign in should fail based on credentials provided [long_email_address@nhs.net-password-fail]",
  "fullName" : "features/login.feature:Sign in should fail based on credentials provided",
  "historyId" : "68040a02b1a5a5e06a52aaeb8659d0c2",
  "time" : {
    "start" : 1730190945994,
    "stop" : 1730191038702,
    "duration" : 92708
  },
  "status" : "failed",
  "statusMessage" : "AssertionError: assert False\n +  where False = check_unable_to_sign_in_error_exists()",
  "statusTrace" : "fixturefunc = <function verify_signin_status at 0x7fdf30f92a20>\nrequest = <FixtureRequest for <Function test_sign_in_should_fail_based_on_credentials_provided[long_email_address@nhs.net-password-fail]>>\nkwargs = {'shared_data': {'emailAddress': '504fg26d2htgcxxntea1iab6bo3abybufs4wwovh70zo0jc3j7vugonqhz1ccanannhs.net', 'password': 'password'}, 'status': 'fail'}\n\n    def call_fixture_func(\n        fixturefunc: _FixtureFunc[FixtureValue], request: FixtureRequest, kwargs\n    ) -> FixtureValue:\n        if is_generator(fixturefunc):\n            fixturefunc = cast(\n                Callable[..., Generator[FixtureValue, None, None]], fixturefunc\n            )\n            generator = fixturefunc(**kwargs)\n            try:\n                fixture_result = next(generator)\n            except StopIteration:\n                raise ValueError(f\"{request.fixturename} did not yield a value\") from None\n            finalizer = functools.partial(_teardown_yield_fixture, fixturefunc, generator)\n            request.addfinalizer(finalizer)\n        else:\n            fixturefunc = cast(Callable[..., FixtureValue], fixturefunc)\n>           fixture_result = fixturefunc(**kwargs)\n\n.tox/py311/lib/python3.11/site-packages/_pytest/fixtures.py:898: \n_ _ _ _ _ _ _ _ _ _ _ _ _ _ _ _ _ _ _ _ _ _ _ _ _ _ _ _ _ _ _ _ _ _ _ _ _ _ _ _ \n\nstatus = 'fail'\nshared_data = {'emailAddress': '504fg26d2htgcxxntea1iab6bo3abybufs4wwovh70zo0jc3j7vugonqhz1ccanannhs.net', 'password': 'password'}\n\n    @then(parse(\"sign in should {status}\"))\n    @then(\"sign in should <status>\")\n    def verify_signin_status(status, shared_data):\n        attach_screenshot(\"sign_in_should_\" + status)\n        data = shared_data\n        if status.lower() == \"fail\":\n            if data['password'] == \"None\" and \"valid\" not in data[\"emailAddress\"].lower():\n                assert check_password_error_alert_exists()\n                assert get_password_missing_error_text() == \"This field cannot be left blank\"\n            elif data['emailAddress'] == \"None\" and \"valid\" not in data[\"emailAddress\"].lower():\n                click_nhs_signin_button()\n                assert check_emailAddress_error_alert_exists()\n                assert check_found_some_errors_alert_exists()\n                assert get_emailAddress_missing_error_text() == \"This field cannot be left blank\"\n            elif \"long_email_address\" in data['emailAddress']:\n                assert check_emailAddress_error_alert_exists()\n                assert get_emailAddress_missing_error_text() == \"This field cannot be left blank\"\n            elif \"valid\" in data['emailAddress'] and status.lower()==\"pass\":\n                assert check_logout_button_exists()\n                click_logout_button()\n            else:\n>               assert check_unable_to_sign_in_error_exists()\nE               assert False\nE                +  where False = check_unable_to_sign_in_error_exists()\n\ntests/test_login_steps.py:111: AssertionError",
  "flaky" : false,
  "newFailed" : false,
  "newBroken" : false,
  "newPassed" : false,
  "retriesCount" : 0,
  "retriesStatusChange" : false,
  "beforeStages" : [ ],
  "testStage" : {
    "status" : "failed",
    "statusMessage" : "AssertionError: assert False\n +  where False = check_unable_to_sign_in_error_exists()",
    "statusTrace" : "fixturefunc = <function verify_signin_status at 0x7fdf30f92a20>\nrequest = <FixtureRequest for <Function test_sign_in_should_fail_based_on_credentials_provided[long_email_address@nhs.net-password-fail]>>\nkwargs = {'shared_data': {'emailAddress': '504fg26d2htgcxxntea1iab6bo3abybufs4wwovh70zo0jc3j7vugonqhz1ccanannhs.net', 'password': 'password'}, 'status': 'fail'}\n\n    def call_fixture_func(\n        fixturefunc: _FixtureFunc[FixtureValue], request: FixtureRequest, kwargs\n    ) -> FixtureValue:\n        if is_generator(fixturefunc):\n            fixturefunc = cast(\n                Callable[..., Generator[FixtureValue, None, None]], fixturefunc\n            )\n            generator = fixturefunc(**kwargs)\n            try:\n                fixture_result = next(generator)\n            except StopIteration:\n                raise ValueError(f\"{request.fixturename} did not yield a value\") from None\n            finalizer = functools.partial(_teardown_yield_fixture, fixturefunc, generator)\n            request.addfinalizer(finalizer)\n        else:\n            fixturefunc = cast(Callable[..., FixtureValue], fixturefunc)\n>           fixture_result = fixturefunc(**kwargs)\n\n.tox/py311/lib/python3.11/site-packages/_pytest/fixtures.py:898: \n_ _ _ _ _ _ _ _ _ _ _ _ _ _ _ _ _ _ _ _ _ _ _ _ _ _ _ _ _ _ _ _ _ _ _ _ _ _ _ _ \n\nstatus = 'fail'\nshared_data = {'emailAddress': '504fg26d2htgcxxntea1iab6bo3abybufs4wwovh70zo0jc3j7vugonqhz1ccanannhs.net', 'password': 'password'}\n\n    @then(parse(\"sign in should {status}\"))\n    @then(\"sign in should <status>\")\n    def verify_signin_status(status, shared_data):\n        attach_screenshot(\"sign_in_should_\" + status)\n        data = shared_data\n        if status.lower() == \"fail\":\n            if data['password'] == \"None\" and \"valid\" not in data[\"emailAddress\"].lower():\n                assert check_password_error_alert_exists()\n                assert get_password_missing_error_text() == \"This field cannot be left blank\"\n            elif data['emailAddress'] == \"None\" and \"valid\" not in data[\"emailAddress\"].lower():\n                click_nhs_signin_button()\n                assert check_emailAddress_error_alert_exists()\n                assert check_found_some_errors_alert_exists()\n                assert get_emailAddress_missing_error_text() == \"This field cannot be left blank\"\n            elif \"long_email_address\" in data['emailAddress']:\n                assert check_emailAddress_error_alert_exists()\n                assert get_emailAddress_missing_error_text() == \"This field cannot be left blank\"\n            elif \"valid\" in data['emailAddress'] and status.lower()==\"pass\":\n                assert check_logout_button_exists()\n                click_logout_button()\n            else:\n>               assert check_unable_to_sign_in_error_exists()\nE               assert False\nE                +  where False = check_unable_to_sign_in_error_exists()\n\ntests/test_login_steps.py:111: AssertionError",
    "steps" : [ {
      "name" : "Given I access the ravs web app",
      "time" : {
        "start" : 1730190945994,
        "stop" : 1730190947084,
        "duration" : 1090
      },
      "status" : "passed",
      "steps" : [ ],
      "attachments" : [ ],
      "parameters" : [ ],
      "stepsCount" : 0,
      "attachmentsCount" : 0,
      "shouldDisplayMessage" : false,
      "hasContent" : false
    }, {
      "name" : "When I click on the log in button",
      "time" : {
        "start" : 1730190947084,
        "stop" : 1730190947278,
        "duration" : 194
      },
      "status" : "passed",
      "steps" : [ ],
      "attachments" : [ ],
      "parameters" : [ ],
      "stepsCount" : 0,
      "attachmentsCount" : 0,
      "shouldDisplayMessage" : false,
      "hasContent" : false
    }, {
      "name" : "And I provide the long_email_address@nhs.net and password",
      "time" : {
        "start" : 1730190947279,
        "stop" : 1730190987903,
        "duration" : 40624
      },
      "status" : "passed",
      "steps" : [ ],
      "attachments" : [ ],
      "parameters" : [ ],
      "stepsCount" : 0,
      "attachmentsCount" : 0,
      "shouldDisplayMessage" : false,
      "hasContent" : false
    }, {
      "name" : "And the NHS sign in button is clicked",
      "time" : {
        "start" : 1730190987904,
        "stop" : 1730191038636,
        "duration" : 50732
      },
      "status" : "passed",
      "steps" : [ ],
      "attachments" : [ ],
      "parameters" : [ ],
      "stepsCount" : 0,
      "attachmentsCount" : 0,
      "shouldDisplayMessage" : false,
      "hasContent" : false
    }, {
      "name" : "Then sign in should fail",
      "time" : {
        "start" : 1730191038637,
        "stop" : 1730191038702,
        "duration" : 65
      },
      "status" : "failed",
      "statusMessage" : "assert False\n +  where False = check_unable_to_sign_in_error_exists()",
      "statusTrace" : "AssertionError: assert False\n +  where False = check_unable_to_sign_in_error_exists()\n",
      "steps" : [ ],
      "attachments" : [ {
        "uid" : "8fb6f2da393a10a2",
        "name" : "dev_chrome_130.0.6723.69_sign_in_should_fail.png",
        "source" : "8fb6f2da393a10a2.png",
        "type" : "image/png",
        "size" : 4331
      } ],
      "parameters" : [ ],
      "stepsCount" : 0,
      "attachmentsCount" : 1,
      "shouldDisplayMessage" : true,
      "hasContent" : true
    } ],
    "attachments" : [ {
      "uid" : "d3f9fb916757350d",
      "name" : "log",
      "source" : "d3f9fb916757350d.txt",
      "type" : "text/plain",
      "size" : 1729
    } ],
    "parameters" : [ ],
    "stepsCount" : 5,
    "attachmentsCount" : 2,
    "shouldDisplayMessage" : true,
    "hasContent" : true
  },
  "afterStages" : [ ],
  "labels" : [ {
    "name" : "host",
    "value" : "7c0be77e3f3d"
  }, {
    "name" : "thread",
    "value" : "1099-MainThread"
  }, {
    "name" : "framework",
    "value" : "pytest-bdd"
  }, {
    "name" : "language",
    "value" : "cpython3"
  }, {
    "name" : "feature",
    "value" : "Login Feature"
  }, {
    "name" : "resultFormat",
    "value" : "allure2"
  } ],
  "parameters" : [ {
    "name" : "emailAddress",
    "value" : "long_email_address@nhs.net"
  }, {
    "name" : "password",
    "value" : "password"
  }, {
    "name" : "status",
    "value" : "fail"
  } ],
  "links" : [ ],
  "hidden" : false,
  "retry" : false,
  "extra" : {
    "severity" : "normal",
    "retries" : [ ],
    "categories" : [ {
      "name" : "Product defects",
      "matchedStatuses" : [ ],
      "flaky" : false
    } ],
    "tags" : [ ]
  },
  "source" : "d5fd267a9e2b697c.json",
  "parameterValues" : [ "long_email_address@nhs.net", "password", "fail" ]
}