{
  "uid" : "e9b5f6a40648f12a",
  "name" : "Search without entering patient details",
  "fullName" : "/app/features/find_a_patient.feature:Search without entering patient details",
  "historyId" : "6d3ecbed8a34389c2d17a31baab210b7",
  "time" : {
    "start" : 1730273838860,
    "stop" : 1730274022676,
    "duration" : 183816
  },
  "status" : "failed",
  "statusMessage" : "AssertionError: assert False == True\n +  where False = check_required_field_error_appears_for_forename(False)",
  "statusTrace" : "fixturefunc = <function the_alert_messages_should_appear_forename_surname_dob_gender_postcode at 0x7f138cd41800>\nrequest = <FixtureRequest for <Function test_search_without_entering_patient_details>>\nkwargs = {}\n\n    def call_fixture_func(\n        fixturefunc: _FixtureFunc[FixtureValue], request: FixtureRequest, kwargs\n    ) -> FixtureValue:\n        if is_generator(fixturefunc):\n            fixturefunc = cast(\n                Callable[..., Generator[FixtureValue, None, None]], fixturefunc\n            )\n            generator = fixturefunc(**kwargs)\n            try:\n                fixture_result = next(generator)\n            except StopIteration:\n                raise ValueError(f\"{request.fixturename} did not yield a value\") from None\n            finalizer = functools.partial(_teardown_yield_fixture, fixturefunc, generator)\n            request.addfinalizer(finalizer)\n        else:\n            fixturefunc = cast(Callable[..., FixtureValue], fixturefunc)\n>           fixture_result = fixturefunc(**kwargs)\n\n.tox/py311/lib/python3.11/site-packages/_pytest/fixtures.py:898: \n_ _ _ _ _ _ _ _ _ _ _ _ _ _ _ _ _ _ _ _ _ _ _ _ _ _ _ _ _ _ _ _ _ _ _ _ _ _ _ _ \n\n    @then('the alert messages should appear for Forename, Surname, Date Of Birth, Gender and Postcode')\n    def the_alert_messages_should_appear_forename_surname_dob_gender_postcode():\n        attach_screenshot(\"alert_messages_should_appear_for_missing_fields\")\n>       assert check_required_field_error_appears_for_forename(False) == True\nE       assert False == True\nE        +  where False = check_required_field_error_appears_for_forename(False)\n\ntests/test_find_a_patient_steps.py:140: AssertionError",
  "flaky" : false,
  "newFailed" : false,
  "newBroken" : false,
  "newPassed" : false,
  "retriesCount" : 0,
  "retriesStatusChange" : false,
  "beforeStages" : [ ],
  "testStage" : {
    "status" : "failed",
    "statusMessage" : "AssertionError: assert False == True\n +  where False = check_required_field_error_appears_for_forename(False)",
    "statusTrace" : "fixturefunc = <function the_alert_messages_should_appear_forename_surname_dob_gender_postcode at 0x7f138cd41800>\nrequest = <FixtureRequest for <Function test_search_without_entering_patient_details>>\nkwargs = {}\n\n    def call_fixture_func(\n        fixturefunc: _FixtureFunc[FixtureValue], request: FixtureRequest, kwargs\n    ) -> FixtureValue:\n        if is_generator(fixturefunc):\n            fixturefunc = cast(\n                Callable[..., Generator[FixtureValue, None, None]], fixturefunc\n            )\n            generator = fixturefunc(**kwargs)\n            try:\n                fixture_result = next(generator)\n            except StopIteration:\n                raise ValueError(f\"{request.fixturename} did not yield a value\") from None\n            finalizer = functools.partial(_teardown_yield_fixture, fixturefunc, generator)\n            request.addfinalizer(finalizer)\n        else:\n            fixturefunc = cast(Callable[..., FixtureValue], fixturefunc)\n>           fixture_result = fixturefunc(**kwargs)\n\n.tox/py311/lib/python3.11/site-packages/_pytest/fixtures.py:898: \n_ _ _ _ _ _ _ _ _ _ _ _ _ _ _ _ _ _ _ _ _ _ _ _ _ _ _ _ _ _ _ _ _ _ _ _ _ _ _ _ \n\n    @then('the alert messages should appear for Forename, Surname, Date Of Birth, Gender and Postcode')\n    def the_alert_messages_should_appear_forename_surname_dob_gender_postcode():\n        attach_screenshot(\"alert_messages_should_appear_for_missing_fields\")\n>       assert check_required_field_error_appears_for_forename(False) == True\nE       assert False == True\nE        +  where False = check_required_field_error_appears_for_forename(False)\n\ntests/test_find_a_patient_steps.py:140: AssertionError",
    "steps" : [ {
      "name" : "Given I am on the find a patient by pds details page",
      "time" : {
        "start" : 1730273838862,
        "stop" : 1730274002289,
        "duration" : 163427
      },
      "status" : "passed",
      "steps" : [ ],
      "attachments" : [ ],
      "parameters" : [ ],
      "stepsCount" : 0,
      "attachmentsCount" : 0,
      "shouldDisplayMessage" : false,
      "hasContent" : false
    }, {
      "name" : "When I click the search button",
      "time" : {
        "start" : 1730274002290,
        "stop" : 1730274022598,
        "duration" : 20308
      },
      "status" : "passed",
      "steps" : [ ],
      "attachments" : [ ],
      "parameters" : [ ],
      "stepsCount" : 0,
      "attachmentsCount" : 0,
      "shouldDisplayMessage" : false,
      "hasContent" : false
    }, {
      "name" : "Then the alert messages should appear for Forename, Surname, Date Of Birth, Gender and Postcode",
      "time" : {
        "start" : 1730274022599,
        "stop" : 1730274022676,
        "duration" : 77
      },
      "status" : "failed",
      "statusMessage" : "assert False == True\n +  where False = check_required_field_error_appears_for_forename(False)",
      "statusTrace" : "AssertionError: assert False == True\n +  where False = check_required_field_error_appears_for_forename(False)\n",
      "steps" : [ ],
      "attachments" : [ {
        "uid" : "72f1c3f1d83a4083",
        "name" : "dev_chrome_130.0.6723.91_alert_messages_should_appear_for_missing_fields.png",
        "source" : "72f1c3f1d83a4083.png",
        "type" : "image/png",
        "size" : 56101
      } ],
      "parameters" : [ ],
      "stepsCount" : 0,
      "attachmentsCount" : 1,
      "shouldDisplayMessage" : true,
      "hasContent" : true
    } ],
    "attachments" : [ {
      "uid" : "7ef360f5962073c5",
      "name" : "log",
      "source" : "7ef360f5962073c5.txt",
      "type" : "text/plain",
      "size" : 1487
    } ],
    "parameters" : [ ],
    "stepsCount" : 3,
    "attachmentsCount" : 2,
    "shouldDisplayMessage" : true,
    "hasContent" : true
  },
  "afterStages" : [ ],
  "labels" : [ {
    "name" : "host",
    "value" : "ffdd1db22aac"
  }, {
    "name" : "thread",
    "value" : "1103-MainThread"
  }, {
    "name" : "framework",
    "value" : "pytest-bdd"
  }, {
    "name" : "language",
    "value" : "cpython3"
  }, {
    "name" : "feature",
    "value" : "Find a patient"
  }, {
    "name" : "resultFormat",
    "value" : "allure2"
  } ],
  "parameters" : [ ],
  "links" : [ ],
  "hidden" : false,
  "retry" : false,
  "extra" : {
    "severity" : "normal",
    "retries" : [ ],
    "categories" : [ {
      "name" : "Product defects",
      "matchedStatuses" : [ ],
      "flaky" : false
    } ],
    "tags" : [ ]
  },
  "source" : "e9b5f6a40648f12a.json",
  "parameterValues" : [ ]
}